{"meta": {"format": 3, "version": "7.13.4", "timestamp": "2026-03-13T09:34:44.233795", "branch_coverage": false, "show_contexts": false}, "files": {"src\\lumina\\__init__.py": {"executed_lines": [], "summary": {"covered_lines": 0, "num_statements": 0, "percent_covered": 100.0, "percent_covered_display": "100", "missing_lines": 0, "excluded_lines": 0, "percent_statements_covered": 100.0, "percent_statements_covered_display": "100"}, "missing_lines": [], "excluded_lines": [], "functions": {"": {"executed_lines": [], "summary": {"covered_lines": 0, "num_statements": 0, "percent_covered": 100.0, "percent_covered_display": "100", "missing_lines": 0, "excluded_lines": 0, "percent_statements_covered": 100.0, "percent_statements_covered_display": "100"}, "missing_lines": [], "excluded_lines": [], "start_line": 1}}, "classes": {"": {"executed_lines": [], "summary": {"covered_lines": 0, "num_statements": 0, "percent_covered": 100.0, "percent_covered_display": "100", "missing_lines": 0, "excluded_lines": 0, "percent_statements_covered": 100.0, "percent_statements_covered_display": "100"}, "missing_lines": [], "excluded_lines": [], "start_line": 1}}}, "src\\lumina\\api\\__init__.py": {"executed_lines": [], "summary": {"covered_lines": 0, "num_statements": 0, "percent_covered": 100.0, "percent_covered_display": "100", "missing_lines": 0, "excluded_lines": 0, "percent_statements_covered": 100.0, "percent_statements_covered_display": "100"}, "missing_lines": [], "excluded_lines": [], "functions": {"": {"executed_lines": [], "summary": {"covered_lines": 0, "num_statements": 0, "percent_covered": 100.0, "percent_covered_display": "100", "missing_lines": 0, "excluded_lines": 0, "percent_statements_covered": 100.0, "percent_statements_covered_display": "100"}, "missing_lines": [], "excluded_lines": [], "start_line": 1}}, "classes": {"": {"executed_lines": [], "summary": {"covered_lines": 0, "num_statements": 0, "percent_covered": 100.0, "percent_covered_display": "100", "missing_lines": 0, "excluded_lines": 0, "percent_statements_covered": 100.0, "percent_statements_covered_display": "100"}, "missing_lines": [], "excluded_lines": [], "start_line": 1}}}, "src\\lumina\\api\\server.py": {"executed_lines": [], "summary": {"covered_lines": 0, "num_statements": 1122, "percent_covered": 0.0, "percent_covered_display": "0", "missing_lines": 1122, "excluded_lines": 0, "percent_statements_covered": 0.0, "percent_statements_covered_display": "0"}, "missing_lines": [10, 12, 13, 14, 15, 16, 17, 18, 19, 20, 21, 22, 23, 25, 26, 27, 28, 29, 31, 42, 49, 50, 51, 52, 53, 54, 60, 62, 68, 69, 70, 71, 72, 75, 80, 81, 82, 84, 85, 86, 87, 88, 91, 92, 93, 94, 99, 102, 108, 115, 116, 117, 120, 121, 122, 124, 125, 128, 135, 138, 140, 141, 142, 145, 147, 148, 149, 150, 151, 152, 153, 156, 163, 164, 165, 166, 167, 168, 169, 170, 171, 172, 173, 174, 177, 178, 179, 181, 182, 183, 184, 192, 193, 194, 196, 197, 200, 201, 204, 206, 207, 208, 213, 223, 232, 233, 235, 236, 237, 241, 242, 243, 244, 245, 246, 247, 248, 249, 250, 251, 252, 253, 256, 258, 260, 269, 271, 272, 275, 276, 279, 280, 282, 285, 286, 287, 294, 295, 296, 297, 298, 299, 301, 306, 307, 313, 314, 315, 316, 317, 318, 319, 325, 326, 327, 328, 329, 330, 331, 332, 333, 334, 335, 336, 339, 340, 341, 342, 343, 344, 345, 346, 349, 352, 353, 354, 355, 356, 357, 358, 359, 360, 363, 364, 365, 366, 369, 374, 375, 376, 377, 379, 380, 381, 383, 384, 385, 387, 388, 389, 391, 392, 394, 395, 396, 398, 399, 400, 401, 402, 404, 405, 406, 407, 408, 409, 410, 412, 413, 414, 416, 417, 418, 419, 420, 421, 422, 423, 424, 426, 427, 428, 429, 430, 432, 434, 440, 441, 448, 449, 450, 451, 452, 454, 455, 464, 467, 468, 469, 470, 471, 473, 474, 481, 484, 485, 486, 487, 492, 494, 495, 502, 503, 504, 505, 506, 514, 516, 517, 518, 520, 521, 522, 523, 524, 527, 528, 529, 537, 538, 539, 540, 543, 544, 545, 546, 547, 548, 549, 550, 551, 554, 557, 558, 559, 560, 561, 563, 564, 567, 568, 569, 570, 571, 574, 575, 576, 578, 579, 580, 581, 582, 583, 584, 585, 586, 587, 590, 597, 598, 599, 600, 602, 609, 610, 611, 612, 613, 614, 615, 616, 617, 618, 619, 620, 621, 629, 632, 635, 645, 655, 656, 657, 658, 659, 660, 661, 663, 665, 674, 676, 677, 678, 679, 680, 683, 686, 688, 689, 690, 691, 692, 694, 695, 696, 699, 702, 709, 711, 712, 715, 716, 717, 725, 726, 727, 728, 729, 731, 732, 733, 735, 737, 754, 755, 756, 757, 758, 759, 760, 761, 763, 774, 785, 786, 787, 789, 791, 793, 795, 796, 803, 804, 808, 809, 810, 811, 812, 818, 821, 833, 836, 837, 839, 840, 841, 843, 844, 846, 849, 851, 852, 853, 860, 874, 882, 883, 884, 885, 888, 889, 890, 891, 894, 895, 896, 897, 898, 910, 911, 913, 914, 915, 916, 918, 919, 924, 929, 930, 931, 940, 941, 942, 943, 944, 945, 947, 948, 951, 952, 953, 955, 957, 958, 960, 966, 967, 968, 971, 972, 973, 974, 976, 978, 979, 980, 981, 982, 983, 984, 985, 986, 987, 988, 989, 992, 993, 994, 995, 996, 998, 999, 1002, 1003, 1004, 1005, 1006, 1009, 1010, 1011, 1012, 1013, 1014, 1015, 1016, 1017, 1018, 1020, 1032, 1040, 1045, 1053, 1054, 1055, 1056, 1057, 1058, 1059, 1061, 1062, 1063, 1064, 1065, 1066, 1071, 1073, 1075, 1076, 1077, 1078, 1079, 1080, 1087, 1101, 1107, 1116, 1117, 1118, 1119, 1120, 1121, 1124, 1125, 1126, 1127, 1128, 1129, 1130, 1131, 1134, 1135, 1138, 1139, 1140, 1143, 1144, 1147, 1148, 1149, 1150, 1151, 1152, 1153, 1156, 1157, 1158, 1159, 1164, 1165, 1166, 1167, 1168, 1171, 1172, 1173, 1176, 1177, 1178, 1179, 1180, 1183, 1184, 1185, 1186, 1187, 1188, 1193, 1194, 1195, 1198, 1199, 1202, 1203, 1204, 1207, 1208, 1209, 1210, 1213, 1214, 1215, 1218, 1219, 1220, 1225, 1228, 1236, 1237, 1238, 1239, 1240, 1241, 1242, 1243, 1244, 1247, 1249, 1250, 1251, 1254, 1256, 1257, 1260, 1261, 1265, 1267, 1268, 1271, 1274, 1281, 1283, 1284, 1285, 1286, 1287, 1288, 1291, 1292, 1293, 1294, 1296, 1297, 1299, 1301, 1302, 1303, 1304, 1306, 1307, 1308, 1309, 1310, 1311, 1320, 1321, 1322, 1323, 1327, 1328, 1330, 1333, 1334, 1335, 1336, 1337, 1338, 1339, 1345, 1346, 1349, 1350, 1355, 1356, 1358, 1359, 1368, 1369, 1370, 1371, 1372, 1374, 1385, 1390, 1391, 1393, 1394, 1395, 1396, 1397, 1398, 1399, 1400, 1402, 1403, 1404, 1410, 1411, 1412, 1413, 1416, 1417, 1418, 1421, 1422, 1424, 1427, 1428, 1430, 1431, 1432, 1433, 1434, 1435, 1436, 1437, 1438, 1445, 1446, 1447, 1450, 1451, 1456, 1457, 1458, 1459, 1461, 1464, 1465, 1466, 1467, 1468, 1469, 1475, 1476, 1477, 1478, 1479, 1480, 1481, 1484, 1485, 1490, 1491, 1492, 1493, 1494, 1495, 1496, 1497, 1498, 1506, 1507, 1513, 1514, 1516, 1517, 1519, 1520, 1522, 1523, 1524, 1527, 1528, 1529, 1530, 1531, 1533, 1534, 1536, 1545, 1551, 1552, 1555, 1556, 1558, 1559, 1561, 1562, 1563, 1565, 1566, 1568, 1574, 1581, 1582, 1586, 1587, 1590, 1591, 1592, 1594, 1599, 1606, 1607, 1611, 1612, 1613, 1614, 1615, 1616, 1625, 1626, 1630, 1631, 1632, 1633, 1634, 1651, 1652, 1658, 1659, 1660, 1662, 1663, 1665, 1666, 1667, 1672, 1673, 1674, 1676, 1677, 1678, 1680, 1683, 1684, 1687, 1688, 1699, 1700, 1704, 1705, 1707, 1716, 1717, 1722, 1723, 1724, 1726, 1727, 1729, 1730, 1731, 1733, 1740, 1741, 1745, 1746, 1749, 1750, 1755, 1756, 1758, 1759, 1762, 1763, 1764, 1766, 1773, 1774, 1778, 1779, 1781, 1784, 1785, 1790, 1791, 1793, 1794, 1795, 1797, 1798, 1800, 1801, 1802, 1803, 1805, 1812, 1813, 1817, 1818, 1820, 1828, 1829, 1834, 1835, 1837, 1838, 1839, 1840, 1842, 1843, 1844, 1845, 1847, 1848, 1849, 1851, 1852, 1853, 1855, 1865, 1870, 1878, 1879, 1884, 1885, 1887, 1888, 1889, 1890, 1892, 1894, 1895, 1908, 1909, 1915, 1916, 1918, 1919, 1920, 1921, 1923, 1924, 1925, 1926, 1928, 1929, 1932, 1933, 1934, 1936, 1937, 1938, 1939, 1940, 1942, 1944, 1945, 1948, 1958, 1963, 1970, 1972, 1973, 1974, 1976, 1977, 1987, 1988, 1992, 1993, 1996, 1997, 2000, 2001, 2006, 2007, 2009, 2010, 2011, 2014, 2015, 2016, 2019, 2020, 2022, 2029, 2037, 2038, 2046, 2047, 2049, 2050, 2051, 2052, 2054, 2056, 2065, 2066, 2067, 2069, 2072, 2073, 2079, 2080, 2082, 2083, 2085, 2086, 2089, 2090, 2091, 2092, 2093, 2094, 2096, 2097, 2100, 2101, 2102, 2103, 2105, 2119, 2120, 2125, 2132, 2133, 2140, 2141, 2144, 2145, 2146, 2147, 2148, 2149, 2151, 2153, 2160, 2166, 2167, 2171, 2172, 2175, 2176, 2177, 2178, 2180, 2192, 2193, 2201, 2202, 2203, 2204, 2205, 2206, 2207, 2208, 2209, 2212, 2213, 2221, 2222, 2223, 2224, 2225, 2226, 2227, 2228, 2231, 2242, 2243, 2247, 2248, 2250, 2253, 2254, 2264, 2265, 2267, 2268, 2269, 2270, 2272, 2274, 2283, 2286, 2287, 2291, 2292, 2294, 2295, 2296, 2298, 2299, 2302, 2303, 2308, 2309, 2311, 2312, 2313, 2314, 2316, 2319, 2320, 2321, 2322, 2324, 2332, 2334, 2335, 2336, 2337, 2338, 2339, 2340, 2344, 2345, 2346, 2347, 2348, 2349, 2352, 2353, 2354, 2355, 2356, 2357, 2360, 2361, 2363, 2364, 2365, 2366, 2367, 2368, 2370, 2371, 2372, 2373, 2374], "excluded_lines": [], "functions": {"_build_persistence_adapter": {"executed_lines": [], "summary": {"covered_lines": 0, "num_statements": 4, "percent_covered": 0.0, "percent_covered_display": "0", "missing_lines": 4, "excluded_lines": 0, "percent_statements_covered": 0.0, "percent_statements_covered_display": "0"}, "missing_lines": [121, 122, 124, 125], "excluded_lines": [], "start_line": 120}, "_resolve_user_profile_path": {"executed_lines": [], "summary": {"covered_lines": 0, "num_statements": 3, "percent_covered": 0.0, "percent_covered_display": "0", "missing_lines": 3, "excluded_lines": 0, "percent_statements_covered": 0.0, "percent_statements_covered_display": "0"}, "missing_lines": [140, 141, 142], "excluded_lines": [], "start_line": 138}, "_ensure_user_profile": {"executed_lines": [], "summary": {"covered_lines": 0, "num_statements": 7, "percent_covered": 0.0, "percent_covered_display": "0", "missing_lines": 7, "excluded_lines": 0, "percent_statements_covered": 0.0, "percent_statements_covered_display": "0"}, "missing_lines": [147, 148, 149, 150, 151, 152, 153], "excluded_lines": [], "start_line": 145}, "_default_current_problem": {"executed_lines": [], "summary": {"covered_lines": 0, "num_statements": 19, "percent_covered": 0.0, "percent_covered_display": "0", "missing_lines": 19, "excluded_lines": 0, "percent_statements_covered": 0.0, "percent_statements_covered_display": "0"}, "missing_lines": [163, 164, 165, 166, 167, 168, 169, 170, 171, 172, 173, 174, 177, 178, 179, 181, 182, 183, 184], "excluded_lines": [], "start_line": 156}, "_canonical_sha256": {"executed_lines": [], "summary": {"covered_lines": 0, "num_statements": 4, "percent_covered": 0.0, "percent_covered_display": "0", "missing_lines": 4, "excluded_lines": 0, "percent_statements_covered": 0.0, "percent_statements_covered_display": "0"}, "missing_lines": [193, 194, 196, 197], "excluded_lines": [], "start_line": 192}, "_strip_latex_delimiters": {"executed_lines": [], "summary": {"covered_lines": 0, "num_statements": 3, "percent_covered": 0.0, "percent_covered_display": "0", "missing_lines": 3, "excluded_lines": 0, "percent_statements_covered": 0.0, "percent_statements_covered_display": "0"}, "missing_lines": [206, 207, 208], "excluded_lines": [], "start_line": 204}, "_detect_glossary_query": {"executed_lines": [], "summary": {"covered_lines": 0, "num_statements": 29, "percent_covered": 0.0, "percent_covered_display": "0", "missing_lines": 29, "excluded_lines": 0, "percent_statements_covered": 0.0, "percent_statements_covered_display": "0"}, "missing_lines": [232, 233, 235, 236, 237, 241, 242, 243, 244, 245, 246, 247, 248, 249, 250, 251, 252, 253, 256, 258, 260, 269, 271, 272, 275, 276, 279, 280, 282], "excluded_lines": [], "start_line": 223}, "_policy_commitment_payload": {"executed_lines": [], "summary": {"covered_lines": 0, "num_statements": 2, "percent_covered": 0.0, "percent_covered_display": "0", "missing_lines": 2, "excluded_lines": 0, "percent_statements_covered": 0.0, "percent_statements_covered_display": "0"}, "missing_lines": [286, 287], "excluded_lines": [], "start_line": 285}, "_assert_policy_commitment": {"executed_lines": [], "summary": {"covered_lines": 0, "num_statements": 8, "percent_covered": 0.0, "percent_covered_display": "0", "missing_lines": 8, "excluded_lines": 0, "percent_statements_covered": 0.0, "percent_statements_covered_display": "0"}, "missing_lines": [295, 296, 297, 298, 299, 301, 306, 307], "excluded_lines": [], "start_line": 294}, "_assert_system_physics_commitment": {"executed_lines": [], "summary": {"covered_lines": 0, "num_statements": 6, "percent_covered": 0.0, "percent_covered_display": "0", "missing_lines": 6, "excluded_lines": 0, "percent_statements_covered": 0.0, "percent_statements_covered_display": "0"}, "missing_lines": [314, 315, 316, 317, 318, 319], "excluded_lines": [], "start_line": 313}, "_coerce_bool": {"executed_lines": [], "summary": {"covered_lines": 0, "num_statements": 11, "percent_covered": 0.0, "percent_covered_display": "0", "missing_lines": 11, "excluded_lines": 0, "percent_statements_covered": 0.0, "percent_statements_covered_display": "0"}, "missing_lines": [326, 327, 328, 329, 330, 331, 332, 333, 334, 335, 336], "excluded_lines": [], "start_line": 325}, "_coerce_int": {"executed_lines": [], "summary": {"covered_lines": 0, "num_statements": 7, "percent_covered": 0.0, "percent_covered_display": "0", "missing_lines": 7, "excluded_lines": 0, "percent_statements_covered": 0.0, "percent_statements_covered_display": "0"}, "missing_lines": [340, 341, 342, 343, 344, 345, 346], "excluded_lines": [], "start_line": 339}, "_coerce_float": {"executed_lines": [], "summary": {"covered_lines": 0, "num_statements": 9, "percent_covered": 0.0, "percent_covered_display": "0", "missing_lines": 9, "excluded_lines": 0, "percent_statements_covered": 0.0, "percent_statements_covered_display": "0"}, "missing_lines": [352, 353, 354, 355, 356, 357, 358, 359, 360], "excluded_lines": [], "start_line": 349}, "_coerce_str": {"executed_lines": [], "summary": {"covered_lines": 0, "num_statements": 3, "percent_covered": 0.0, "percent_covered_display": "0", "missing_lines": 3, "excluded_lines": 0, "percent_statements_covered": 0.0, "percent_statements_covered_display": "0"}, "missing_lines": [364, 365, 366], "excluded_lines": [], "start_line": 363}, "_normalize_turn_data": {"executed_lines": [], "summary": {"covered_lines": 0, "num_statements": 49, "percent_covered": 0.0, "percent_covered_display": "0", "missing_lines": 49, "excluded_lines": 0, "percent_statements_covered": 0.0, "percent_statements_covered_display": "0"}, "missing_lines": [374, 375, 376, 377, 379, 380, 381, 383, 384, 385, 387, 388, 389, 391, 392, 394, 395, 396, 398, 399, 400, 401, 402, 404, 405, 406, 407, 408, 409, 410, 412, 413, 414, 416, 417, 418, 419, 420, 421, 422, 423, 424, 426, 427, 428, 429, 430, 432, 434], "excluded_lines": [], "start_line": 369}, "_call_openai": {"executed_lines": [], "summary": {"covered_lines": 0, "num_statements": 7, "percent_covered": 0.0, "percent_covered_display": "0", "missing_lines": 7, "excluded_lines": 0, "percent_statements_covered": 0.0, "percent_statements_covered_display": "0"}, "missing_lines": [449, 450, 451, 452, 454, 455, 464], "excluded_lines": [], "start_line": 448}, "_call_anthropic": {"executed_lines": [], "summary": {"covered_lines": 0, "num_statements": 7, "percent_covered": 0.0, "percent_covered_display": "0", "missing_lines": 7, "excluded_lines": 0, "percent_statements_covered": 0.0, "percent_statements_covered_display": "0"}, "missing_lines": [468, 469, 470, 471, 473, 474, 481], "excluded_lines": [], "start_line": 467}, "_validate_provider_api_key": {"executed_lines": [], "summary": {"covered_lines": 0, "num_statements": 6, "percent_covered": 0.0, "percent_covered_display": "0", "missing_lines": 6, "excluded_lines": 0, "percent_statements_covered": 0.0, "percent_statements_covered_display": "0"}, "missing_lines": [485, 486, 487, 492, 494, 495], "excluded_lines": [], "start_line": 484}, "call_llm": {"executed_lines": [], "summary": {"covered_lines": 0, "num_statements": 4, "percent_covered": 0.0, "percent_covered_display": "0", "missing_lines": 4, "excluded_lines": 0, "percent_statements_covered": 0.0, "percent_statements_covered_display": "0"}, "missing_lines": [503, 504, 505, 506], "excluded_lines": [], "start_line": 502}, "render_contract_response": {"executed_lines": [], "summary": {"covered_lines": 0, "num_statements": 8, "percent_covered": 0.0, "percent_covered_display": "0", "missing_lines": 8, "excluded_lines": 0, "percent_statements_covered": 0.0, "percent_statements_covered_display": "0"}, "missing_lines": [516, 517, 518, 520, 521, 522, 523, 524], "excluded_lines": [], "start_line": 514}, "interpret_turn_input": {"executed_lines": [], "summary": {"covered_lines": 0, "num_statements": 6, "percent_covered": 0.0, "percent_covered_display": "0", "missing_lines": 6, "excluded_lines": 0, "percent_statements_covered": 0.0, "percent_statements_covered_display": "0"}, "missing_lines": [528, 529, 537, 538, 539, 540], "excluded_lines": [], "start_line": 527}, "invoke_runtime_tool": {"executed_lines": [], "summary": {"covered_lines": 0, "num_statements": 8, "percent_covered": 0.0, "percent_covered_display": "0", "missing_lines": 8, "excluded_lines": 0, "percent_statements_covered": 0.0, "percent_statements_covered_display": "0"}, "missing_lines": [544, 545, 546, 547, 548, 549, 550, 551], "excluded_lines": [], "start_line": 543}, "_resolve_context_path": {"executed_lines": [], "summary": {"covered_lines": 0, "num_statements": 6, "percent_covered": 0.0, "percent_covered_display": "0", "missing_lines": 6, "excluded_lines": 0, "percent_statements_covered": 0.0, "percent_statements_covered_display": "0"}, "missing_lines": [558, 559, 560, 561, 563, 564], "excluded_lines": [], "start_line": 557}, "_render_template_value": {"executed_lines": [], "summary": {"covered_lines": 0, "num_statements": 17, "percent_covered": 0.0, "percent_covered_display": "0", "missing_lines": 17, "excluded_lines": 0, "percent_statements_covered": 0.0, "percent_statements_covered_display": "0"}, "missing_lines": [568, 569, 570, 571, 574, 575, 576, 578, 579, 580, 581, 582, 583, 584, 585, 586, 587], "excluded_lines": [], "start_line": 567}, "apply_tool_call_policy": {"executed_lines": [], "summary": {"covered_lines": 0, "num_statements": 18, "percent_covered": 0.0, "percent_covered_display": "0", "missing_lines": 18, "excluded_lines": 0, "percent_statements_covered": 0.0, "percent_statements_covered_display": "0"}, "missing_lines": [597, 598, 599, 600, 602, 609, 610, 611, 612, 613, 614, 615, 616, 617, 618, 619, 620, 621], "excluded_lines": [], "start_line": 590}, "DomainContext.__init__": {"executed_lines": [], "summary": {"covered_lines": 0, "num_statements": 7, "percent_covered": 0.0, "percent_covered_display": "0", "missing_lines": 7, "excluded_lines": 0, "percent_statements_covered": 0.0, "percent_statements_covered_display": "0"}, "missing_lines": [655, 656, 657, 658, 659, 660, 661], "excluded_lines": [], "start_line": 645}, "DomainContext.to_session_dict": {"executed_lines": [], "summary": {"covered_lines": 0, "num_statements": 1, "percent_covered": 0.0, "percent_covered_display": "0", "missing_lines": 1, "excluded_lines": 0, "percent_statements_covered": 0.0, "percent_statements_covered_display": "0"}, "missing_lines": [665], "excluded_lines": [], "start_line": 663}, "DomainContext.sync_from_dict": {"executed_lines": [], "summary": {"covered_lines": 0, "num_statements": 5, "percent_covered": 0.0, "percent_covered_display": "0", "missing_lines": 5, "excluded_lines": 0, "percent_statements_covered": 0.0, "percent_statements_covered_display": "0"}, "missing_lines": [676, 677, 678, 679, 680], "excluded_lines": [], "start_line": 674}, "SessionContainer.__init__": {"executed_lines": [], "summary": {"covered_lines": 0, "num_statements": 4, "percent_covered": 0.0, "percent_covered_display": "0", "missing_lines": 4, "excluded_lines": 0, "percent_statements_covered": 0.0, "percent_statements_covered_display": "0"}, "missing_lines": [689, 690, 691, 692], "excluded_lines": [], "start_line": 688}, "SessionContainer.active_context": {"executed_lines": [], "summary": {"covered_lines": 0, "num_statements": 1, "percent_covered": 0.0, "percent_covered_display": "0", "missing_lines": 1, "excluded_lines": 0, "percent_statements_covered": 0.0, "percent_statements_covered_display": "0"}, "missing_lines": [696], "excluded_lines": [], "start_line": 695}, "_build_domain_context": {"executed_lines": [], "summary": {"covered_lines": 0, "num_statements": 25, "percent_covered": 0.0, "percent_covered_display": "0", "missing_lines": 25, "excluded_lines": 0, "percent_statements_covered": 0.0, "percent_statements_covered_display": "0"}, "missing_lines": [709, 711, 712, 715, 716, 717, 725, 726, 727, 728, 729, 731, 732, 733, 735, 737, 754, 755, 756, 757, 758, 759, 760, 761, 763], "excluded_lines": [], "start_line": 702}, "get_or_create_session": {"executed_lines": [], "summary": {"covered_lines": 0, "num_statements": 26, "percent_covered": 0.0, "percent_covered_display": "0", "missing_lines": 26, "excluded_lines": 0, "percent_statements_covered": 0.0, "percent_statements_covered_display": "0"}, "missing_lines": [785, 786, 787, 789, 791, 793, 795, 796, 803, 804, 808, 809, 810, 811, 812, 818, 821, 833, 836, 837, 839, 840, 841, 843, 844, 846], "excluded_lines": [], "start_line": 774}, "_persist_session_container": {"executed_lines": [], "summary": {"covered_lines": 0, "num_statements": 4, "percent_covered": 0.0, "percent_covered_display": "0", "missing_lines": 4, "excluded_lines": 0, "percent_statements_covered": 0.0, "percent_statements_covered_display": "0"}, "missing_lines": [851, 852, 853, 860], "excluded_lines": [], "start_line": 849}, "process_message": {"executed_lines": [], "summary": {"covered_lines": 0, "num_statements": 108, "percent_covered": 0.0, "percent_covered_display": "0", "missing_lines": 108, "excluded_lines": 0, "percent_statements_covered": 0.0, "percent_statements_covered_display": "0"}, "missing_lines": [882, 883, 884, 885, 888, 889, 890, 891, 894, 895, 896, 897, 898, 910, 911, 913, 914, 915, 916, 918, 919, 924, 929, 930, 931, 940, 941, 942, 943, 944, 945, 947, 948, 951, 952, 953, 955, 957, 958, 960, 966, 967, 968, 971, 972, 973, 974, 976, 978, 979, 980, 981, 982, 983, 984, 985, 986, 987, 988, 989, 992, 993, 994, 995, 996, 998, 999, 1002, 1003, 1004, 1005, 1006, 1009, 1010, 1011, 1012, 1013, 1014, 1015, 1016, 1017, 1018, 1020, 1032, 1040, 1045, 1053, 1054, 1055, 1056, 1057, 1058, 1059, 1061, 1062, 1063, 1064, 1065, 1066, 1071, 1073, 1075, 1076, 1077, 1078, 1079, 1080, 1087], "excluded_lines": [], "start_line": 874}, "get_current_user": {"executed_lines": [], "summary": {"covered_lines": 0, "num_statements": 9, "percent_covered": 0.0, "percent_covered_display": "0", "missing_lines": 9, "excluded_lines": 0, "percent_statements_covered": 0.0, "percent_statements_covered_display": "0"}, "missing_lines": [1236, 1237, 1238, 1239, 1240, 1241, 1242, 1243, 1244], "excluded_lines": [], "start_line": 1228}, "require_auth": {"executed_lines": [], "summary": {"covered_lines": 0, "num_statements": 3, "percent_covered": 0.0, "percent_covered_display": "0", "missing_lines": 3, "excluded_lines": 0, "percent_statements_covered": 0.0, "percent_statements_covered_display": "0"}, "missing_lines": [1249, 1250, 1251], "excluded_lines": [], "start_line": 1247}, "require_role": {"executed_lines": [], "summary": {"covered_lines": 0, "num_statements": 2, "percent_covered": 0.0, "percent_covered_display": "0", "missing_lines": 2, "excluded_lines": 0, "percent_statements_covered": 0.0, "percent_statements_covered_display": "0"}, "missing_lines": [1256, 1257], "excluded_lines": [], "start_line": 1254}, "chat": {"executed_lines": [], "summary": {"covered_lines": 0, "num_statements": 57, "percent_covered": 0.0, "percent_covered_display": "0", "missing_lines": 57, "excluded_lines": 0, "percent_statements_covered": 0.0, "percent_statements_covered_display": "0"}, "missing_lines": [1265, 1267, 1268, 1271, 1274, 1281, 1283, 1284, 1285, 1286, 1287, 1288, 1291, 1292, 1293, 1294, 1296, 1297, 1299, 1301, 1302, 1303, 1304, 1306, 1307, 1308, 1309, 1310, 1311, 1320, 1321, 1322, 1323, 1327, 1328, 1330, 1333, 1334, 1335, 1336, 1337, 1338, 1339, 1345, 1346, 1349, 1350, 1355, 1356, 1358, 1359, 1368, 1369, 1370, 1371, 1372, 1374], "excluded_lines": [], "start_line": 1261}, "_get_accessible_domain_ids": {"executed_lines": [], "summary": {"covered_lines": 0, "num_statements": 17, "percent_covered": 0.0, "percent_covered_display": "0", "missing_lines": 17, "excluded_lines": 0, "percent_statements_covered": 0.0, "percent_statements_covered_display": "0"}, "missing_lines": [1390, 1391, 1393, 1394, 1395, 1396, 1397, 1398, 1399, 1400, 1402, 1403, 1404, 1410, 1411, 1412, 1413], "excluded_lines": [], "start_line": 1385}, "health": {"executed_lines": [], "summary": {"covered_lines": 0, "num_statements": 1, "percent_covered": 0.0, "percent_covered_display": "0", "missing_lines": 1, "excluded_lines": 0, "percent_statements_covered": 0.0, "percent_statements_covered_display": "0"}, "missing_lines": [1418], "excluded_lines": [], "start_line": 1417}, "list_domains": {"executed_lines": [], "summary": {"covered_lines": 0, "num_statements": 1, "percent_covered": 0.0, "percent_covered_display": "0", "missing_lines": 1, "excluded_lines": 0, "percent_statements_covered": 0.0, "percent_statements_covered_display": "0"}, "missing_lines": [1424], "excluded_lines": [], "start_line": 1422}, "domain_info": {"executed_lines": [], "summary": {"covered_lines": 0, "num_statements": 9, "percent_covered": 0.0, "percent_covered_display": "0", "missing_lines": 9, "excluded_lines": 0, "percent_statements_covered": 0.0, "percent_statements_covered_display": "0"}, "missing_lines": [1430, 1431, 1432, 1433, 1434, 1435, 1436, 1437, 1438], "excluded_lines": [], "start_line": 1428}, "run_tool": {"executed_lines": [], "summary": {"covered_lines": 0, "num_statements": 18, "percent_covered": 0.0, "percent_covered_display": "0", "missing_lines": 18, "excluded_lines": 0, "percent_statements_covered": 0.0, "percent_statements_covered_display": "0"}, "missing_lines": [1456, 1457, 1458, 1459, 1461, 1464, 1465, 1466, 1467, 1468, 1469, 1475, 1476, 1477, 1478, 1479, 1480, 1481], "excluded_lines": [], "start_line": 1451}, "validate_ctl": {"executed_lines": [], "summary": {"covered_lines": 0, "num_statements": 9, "percent_covered": 0.0, "percent_covered_display": "0", "missing_lines": 9, "excluded_lines": 0, "percent_statements_covered": 0.0, "percent_statements_covered_display": "0"}, "missing_lines": [1490, 1491, 1492, 1493, 1494, 1495, 1496, 1497, 1498], "excluded_lines": [], "start_line": 1485}, "register": {"executed_lines": [], "summary": {"covered_lines": 0, "num_statements": 20, "percent_covered": 0.0, "percent_covered_display": "0", "missing_lines": 20, "excluded_lines": 0, "percent_statements_covered": 0.0, "percent_statements_covered_display": "0"}, "missing_lines": [1513, 1514, 1516, 1517, 1519, 1520, 1522, 1523, 1524, 1527, 1528, 1529, 1530, 1531, 1533, 1534, 1536, 1545, 1551, 1552], "excluded_lines": [], "start_line": 1507}, "login": {"executed_lines": [], "summary": {"covered_lines": 0, "num_statements": 9, "percent_covered": 0.0, "percent_covered_display": "0", "missing_lines": 9, "excluded_lines": 0, "percent_statements_covered": 0.0, "percent_statements_covered_display": "0"}, "missing_lines": [1558, 1559, 1561, 1562, 1563, 1565, 1566, 1568, 1574], "excluded_lines": [], "start_line": 1556}, "refresh": {"executed_lines": [], "summary": {"covered_lines": 0, "num_statements": 7, "percent_covered": 0.0, "percent_covered_display": "0", "missing_lines": 7, "excluded_lines": 0, "percent_statements_covered": 0.0, "percent_statements_covered_display": "0"}, "missing_lines": [1586, 1587, 1590, 1591, 1592, 1594, 1599], "excluded_lines": [], "start_line": 1582}, "me": {"executed_lines": [], "summary": {"covered_lines": 0, "num_statements": 6, "percent_covered": 0.0, "percent_covered_display": "0", "missing_lines": 6, "excluded_lines": 0, "percent_statements_covered": 0.0, "percent_statements_covered_display": "0"}, "missing_lines": [1611, 1612, 1613, 1614, 1615, 1616], "excluded_lines": [], "start_line": 1607}, "list_all_users": {"executed_lines": [], "summary": {"covered_lines": 0, "num_statements": 5, "percent_covered": 0.0, "percent_covered_display": "0", "missing_lines": 5, "excluded_lines": 0, "percent_statements_covered": 0.0, "percent_statements_covered_display": "0"}, "missing_lines": [1630, 1631, 1632, 1633, 1634], "excluded_lines": [], "start_line": 1626}, "update_user": {"executed_lines": [], "summary": {"covered_lines": 0, "num_statements": 24, "percent_covered": 0.0, "percent_covered_display": "0", "missing_lines": 24, "excluded_lines": 0, "percent_statements_covered": 0.0, "percent_statements_covered_display": "0"}, "missing_lines": [1658, 1659, 1660, 1662, 1663, 1665, 1666, 1667, 1672, 1673, 1674, 1676, 1677, 1678, 1680, 1683, 1684, 1687, 1688, 1699, 1700, 1704, 1705, 1707], "excluded_lines": [], "start_line": 1652}, "delete_user": {"executed_lines": [], "summary": {"covered_lines": 0, "num_statements": 13, "percent_covered": 0.0, "percent_covered_display": "0", "missing_lines": 13, "excluded_lines": 0, "percent_statements_covered": 0.0, "percent_statements_covered_display": "0"}, "missing_lines": [1722, 1723, 1724, 1726, 1727, 1729, 1730, 1731, 1733, 1740, 1741, 1745, 1746], "excluded_lines": [], "start_line": 1717}, "revoke_token": {"executed_lines": [], "summary": {"covered_lines": 0, "num_statements": 13, "percent_covered": 0.0, "percent_covered_display": "0", "missing_lines": 13, "excluded_lines": 0, "percent_statements_covered": 0.0, "percent_statements_covered_display": "0"}, "missing_lines": [1755, 1756, 1758, 1759, 1762, 1763, 1764, 1766, 1773, 1774, 1778, 1779, 1781], "excluded_lines": [], "start_line": 1750}, "password_reset": {"executed_lines": [], "summary": {"covered_lines": 0, "num_statements": 17, "percent_covered": 0.0, "percent_covered_display": "0", "missing_lines": 17, "excluded_lines": 0, "percent_statements_covered": 0.0, "percent_statements_covered_display": "0"}, "missing_lines": [1790, 1791, 1793, 1794, 1795, 1797, 1798, 1800, 1801, 1802, 1803, 1805, 1812, 1813, 1817, 1818, 1820], "excluded_lines": [], "start_line": 1785}, "domain_pack_commit": {"executed_lines": [], "summary": {"covered_lines": 0, "num_statements": 19, "percent_covered": 0.0, "percent_covered_display": "0", "missing_lines": 19, "excluded_lines": 0, "percent_statements_covered": 0.0, "percent_statements_covered_display": "0"}, "missing_lines": [1834, 1835, 1837, 1838, 1839, 1840, 1842, 1843, 1844, 1845, 1847, 1848, 1849, 1851, 1852, 1853, 1855, 1865, 1870], "excluded_lines": [], "start_line": 1829}, "domain_pack_history": {"executed_lines": [], "summary": {"covered_lines": 0, "num_statements": 9, "percent_covered": 0.0, "percent_covered_display": "0", "missing_lines": 9, "excluded_lines": 0, "percent_statements_covered": 0.0, "percent_statements_covered_display": "0"}, "missing_lines": [1884, 1885, 1887, 1888, 1889, 1890, 1892, 1894, 1895], "excluded_lines": [], "start_line": 1879}, "update_domain_physics": {"executed_lines": [], "summary": {"covered_lines": 0, "num_statements": 22, "percent_covered": 0.0, "percent_covered_display": "0", "missing_lines": 22, "excluded_lines": 0, "percent_statements_covered": 0.0, "percent_statements_covered_display": "0"}, "missing_lines": [1915, 1916, 1918, 1919, 1920, 1921, 1923, 1924, 1925, 1926, 1928, 1929, 1932, 1933, 1934, 1936, 1942, 1944, 1945, 1948, 1958, 1963], "excluded_lines": [], "start_line": 1909}, "update_domain_physics._write_physics": {"executed_lines": [], "summary": {"covered_lines": 0, "num_statements": 4, "percent_covered": 0.0, "percent_covered_display": "0", "missing_lines": 4, "excluded_lines": 0, "percent_statements_covered": 0.0, "percent_statements_covered_display": "0"}, "missing_lines": [1937, 1938, 1939, 1940], "excluded_lines": [], "start_line": 1936}, "_close_session": {"executed_lines": [], "summary": {"covered_lines": 0, "num_statements": 11, "percent_covered": 0.0, "percent_covered_display": "0", "missing_lines": 11, "excluded_lines": 0, "percent_statements_covered": 0.0, "percent_statements_covered_display": "0"}, "missing_lines": [1972, 1973, 1974, 1976, 1977, 1987, 1988, 1992, 1993, 1996, 1997], "excluded_lines": [], "start_line": 1970}, "close_session": {"executed_lines": [], "summary": {"covered_lines": 0, "num_statements": 12, "percent_covered": 0.0, "percent_covered_display": "0", "missing_lines": 12, "excluded_lines": 0, "percent_statements_covered": 0.0, "percent_statements_covered_display": "0"}, "missing_lines": [2006, 2007, 2009, 2010, 2011, 2014, 2015, 2016, 2019, 2020, 2022, 2029], "excluded_lines": [], "start_line": 2001}, "list_escalations": {"executed_lines": [], "summary": {"covered_lines": 0, "num_statements": 12, "percent_covered": 0.0, "percent_covered_display": "0", "missing_lines": 12, "excluded_lines": 0, "percent_statements_covered": 0.0, "percent_statements_covered_display": "0"}, "missing_lines": [2046, 2047, 2049, 2050, 2051, 2052, 2054, 2056, 2065, 2066, 2067, 2069], "excluded_lines": [], "start_line": 2038}, "resolve_escalation": {"executed_lines": [], "summary": {"covered_lines": 0, "num_statements": 22, "percent_covered": 0.0, "percent_covered_display": "0", "missing_lines": 22, "excluded_lines": 0, "percent_statements_covered": 0.0, "percent_statements_covered_display": "0"}, "missing_lines": [2079, 2080, 2082, 2083, 2085, 2086, 2089, 2090, 2091, 2092, 2093, 2094, 2096, 2097, 2100, 2101, 2102, 2103, 2105, 2119, 2120, 2125], "excluded_lines": [], "start_line": 2073}, "audit_log": {"executed_lines": [], "summary": {"covered_lines": 0, "num_statements": 20, "percent_covered": 0.0, "percent_covered_display": "0", "missing_lines": 20, "excluded_lines": 0, "percent_statements_covered": 0.0, "percent_statements_covered_display": "0"}, "missing_lines": [2140, 2141, 2144, 2145, 2146, 2147, 2148, 2149, 2151, 2153, 2160, 2166, 2167, 2171, 2172, 2175, 2176, 2177, 2178, 2180], "excluded_lines": [], "start_line": 2133}, "manifest_check": {"executed_lines": [], "summary": {"covered_lines": 0, "num_statements": 9, "percent_covered": 0.0, "percent_covered_display": "0", "missing_lines": 9, "excluded_lines": 0, "percent_statements_covered": 0.0, "percent_statements_covered_display": "0"}, "missing_lines": [2201, 2202, 2203, 2204, 2205, 2206, 2207, 2208, 2209], "excluded_lines": [], "start_line": 2193}, "manifest_regen": {"executed_lines": [], "summary": {"covered_lines": 0, "num_statements": 14, "percent_covered": 0.0, "percent_covered_display": "0", "missing_lines": 14, "excluded_lines": 0, "percent_statements_covered": 0.0, "percent_statements_covered_display": "0"}, "missing_lines": [2221, 2222, 2223, 2224, 2225, 2226, 2227, 2228, 2231, 2242, 2243, 2247, 2248, 2250], "excluded_lines": [], "start_line": 2213}, "query_ctl_records": {"executed_lines": [], "summary": {"covered_lines": 0, "num_statements": 9, "percent_covered": 0.0, "percent_covered_display": "0", "missing_lines": 9, "excluded_lines": 0, "percent_statements_covered": 0.0, "percent_statements_covered_display": "0"}, "missing_lines": [2264, 2265, 2267, 2268, 2269, 2270, 2272, 2274, 2283], "excluded_lines": [], "start_line": 2254}, "list_ctl_sessions": {"executed_lines": [], "summary": {"covered_lines": 0, "num_statements": 7, "percent_covered": 0.0, "percent_covered_display": "0", "missing_lines": 7, "excluded_lines": 0, "percent_statements_covered": 0.0, "percent_statements_covered_display": "0"}, "missing_lines": [2291, 2292, 2294, 2295, 2296, 2298, 2299], "excluded_lines": [], "start_line": 2287}, "get_ctl_record": {"executed_lines": [], "summary": {"covered_lines": 0, "num_statements": 12, "percent_covered": 0.0, "percent_covered_display": "0", "missing_lines": 12, "excluded_lines": 0, "percent_statements_covered": 0.0, "percent_statements_covered_display": "0"}, "missing_lines": [2308, 2309, 2311, 2312, 2313, 2314, 2316, 2319, 2320, 2321, 2322, 2324], "excluded_lines": [], "start_line": 2303}, "_session_idle_cleanup": {"executed_lines": [], "summary": {"covered_lines": 0, "num_statements": 13, "percent_covered": 0.0, "percent_covered_display": "0", "missing_lines": 13, "excluded_lines": 0, "percent_statements_covered": 0.0, "percent_statements_covered_display": "0"}, "missing_lines": [2334, 2335, 2336, 2337, 2338, 2339, 2340, 2344, 2345, 2346, 2347, 2348, 2349], "excluded_lines": [], "start_line": 2332}, "_start_idle_cleanup": {"executed_lines": [], "summary": {"covered_lines": 0, "num_statements": 4, "percent_covered": 0.0, "percent_covered_display": "0", "missing_lines": 4, "excluded_lines": 0, "percent_statements_covered": 0.0, "percent_statements_covered_display": "0"}, "missing_lines": [2354, 2355, 2356, 2357], "excluded_lines": [], "start_line": 2353}, "": {"executed_lines": [], "summary": {"covered_lines": 0, "num_statements": 251, "percent_covered": 0.0, "percent_covered_display": "0", "missing_lines": 251, "excluded_lines": 0, "percent_statements_covered": 0.0, "percent_statements_covered_display": "0"}, "missing_lines": [10, 12, 13, 14, 15, 16, 17, 18, 19, 20, 21, 22, 23, 25, 26, 27, 28, 29, 31, 42, 49, 50, 51, 52, 53, 54, 60, 62, 68, 69, 70, 71, 72, 75, 80, 81, 82, 84, 85, 86, 87, 88, 91, 92, 93, 94, 99, 102, 108, 115, 116, 117, 120, 128, 135, 138, 145, 156, 192, 200, 201, 204, 213, 223, 285, 294, 313, 325, 339, 349, 363, 369, 440, 441, 448, 467, 484, 502, 514, 527, 543, 554, 557, 567, 590, 629, 632, 635, 645, 663, 674, 683, 686, 688, 694, 695, 699, 702, 774, 849, 874, 1101, 1107, 1116, 1117, 1118, 1119, 1120, 1121, 1124, 1125, 1126, 1127, 1128, 1129, 1130, 1131, 1134, 1135, 1138, 1139, 1140, 1143, 1144, 1147, 1148, 1149, 1150, 1151, 1152, 1153, 1156, 1157, 1158, 1159, 1164, 1165, 1166, 1167, 1168, 1171, 1172, 1173, 1176, 1177, 1178, 1179, 1180, 1183, 1184, 1185, 1186, 1187, 1188, 1193, 1194, 1195, 1198, 1199, 1202, 1203, 1204, 1207, 1208, 1209, 1210, 1213, 1214, 1215, 1218, 1219, 1220, 1225, 1228, 1247, 1254, 1260, 1261, 1385, 1416, 1417, 1421, 1422, 1427, 1428, 1445, 1446, 1447, 1450, 1451, 1484, 1485, 1506, 1507, 1555, 1556, 1581, 1582, 1606, 1607, 1625, 1626, 1651, 1652, 1716, 1717, 1749, 1750, 1784, 1785, 1828, 1829, 1878, 1879, 1908, 1909, 1970, 2000, 2001, 2037, 2038, 2072, 2073, 2132, 2133, 2192, 2193, 2212, 2213, 2253, 2254, 2286, 2287, 2302, 2303, 2332, 2352, 2353, 2360, 2361, 2363, 2364, 2365, 2366, 2367, 2368, 2370, 2371, 2372, 2373, 2374], "excluded_lines": [], "start_line": 1}}, "classes": {"DomainContext": {"executed_lines": [], "summary": {"covered_lines": 0, "num_statements": 13, "percent_covered": 0.0, "percent_covered_display": "0", "missing_lines": 13, "excluded_lines": 0, "percent_statements_covered": 0.0, "percent_statements_covered_display": "0"}, "missing_lines": [655, 656, 657, 658, 659, 660, 661, 665, 676, 677, 678, 679, 680], "excluded_lines": [], "start_line": 632}, "SessionContainer": {"executed_lines": [], "summary": {"covered_lines": 0, "num_statements": 5, "percent_covered": 0.0, "percent_covered_display": "0", "missing_lines": 5, "excluded_lines": 0, "percent_statements_covered": 0.0, "percent_statements_covered_display": "0"}, "missing_lines": [689, 690, 691, 692, 696], "excluded_lines": [], "start_line": 683}, "ChatRequest": {"executed_lines": [], "summary": {"covered_lines": 0, "num_statements": 0, "percent_covered": 100.0, "percent_covered_display": "100", "missing_lines": 0, "excluded_lines": 0, "percent_statements_covered": 100.0, "percent_statements_covered_display": "100"}, "missing_lines": [], "excluded_lines": [], "start_line": 1116}, "ChatResponse": {"executed_lines": [], "summary": {"covered_lines": 0, "num_statements": 0, "percent_covered": 100.0, "percent_covered_display": "100", "missing_lines": 0, "excluded_lines": 0, "percent_statements_covered": 100.0, "percent_statements_covered_display": "100"}, "missing_lines": [], "excluded_lines": [], "start_line": 1124}, "ToolRequest": {"executed_lines": [], "summary": {"covered_lines": 0, "num_statements": 0, "percent_covered": 100.0, "percent_covered_display": "100", "missing_lines": 0, "excluded_lines": 0, "percent_statements_covered": 100.0, "percent_statements_covered_display": "100"}, "missing_lines": [], "excluded_lines": [], "start_line": 1134}, "ToolResponse": {"executed_lines": [], "summary": {"covered_lines": 0, "num_statements": 0, "percent_covered": 100.0, "percent_covered_display": "100", "missing_lines": 0, "excluded_lines": 0, "percent_statements_covered": 100.0, "percent_statements_covered_display": "100"}, "missing_lines": [], "excluded_lines": [], "start_line": 1138}, "CtlValidateResponse": {"executed_lines": [], "summary": {"covered_lines": 0, "num_statements": 0, "percent_covered": 100.0, "percent_covered_display": "100", "missing_lines": 0, "excluded_lines": 0, "percent_statements_covered": 100.0, "percent_statements_covered_display": "100"}, "missing_lines": [], "excluded_lines": [], "start_line": 1143}, "ManifestCheckResponse": {"executed_lines": [], "summary": {"covered_lines": 0, "num_statements": 0, "percent_covered": 100.0, "percent_covered_display": "100", "missing_lines": 0, "excluded_lines": 0, "percent_statements_covered": 100.0, "percent_statements_covered_display": "100"}, "missing_lines": [], "excluded_lines": [], "start_line": 1147}, "ManifestRegenResponse": {"executed_lines": [], "summary": {"covered_lines": 0, "num_statements": 0, "percent_covered": 100.0, "percent_covered_display": "100", "missing_lines": 0, "excluded_lines": 0, "percent_statements_covered": 100.0, "percent_statements_covered_display": "100"}, "missing_lines": [], "excluded_lines": [], "start_line": 1156}, "RegisterRequest": {"executed_lines": [], "summary": {"covered_lines": 0, "num_statements": 0, "percent_covered": 100.0, "percent_covered_display": "100", "missing_lines": 0, "excluded_lines": 0, "percent_statements_covered": 100.0, "percent_statements_covered_display": "100"}, "missing_lines": [], "excluded_lines": [], "start_line": 1164}, "LoginRequest": {"executed_lines": [], "summary": {"covered_lines": 0, "num_statements": 0, "percent_covered": 100.0, "percent_covered_display": "100", "missing_lines": 0, "excluded_lines": 0, "percent_statements_covered": 100.0, "percent_statements_covered_display": "100"}, "missing_lines": [], "excluded_lines": [], "start_line": 1171}, "TokenResponse": {"executed_lines": [], "summary": {"covered_lines": 0, "num_statements": 0, "percent_covered": 100.0, "percent_covered_display": "100", "missing_lines": 0, "excluded_lines": 0, "percent_statements_covered": 100.0, "percent_statements_covered_display": "100"}, "missing_lines": [], "excluded_lines": [], "start_line": 1176}, "UserResponse": {"executed_lines": [], "summary": {"covered_lines": 0, "num_statements": 0, "percent_covered": 100.0, "percent_covered_display": "100", "missing_lines": 0, "excluded_lines": 0, "percent_statements_covered": 100.0, "percent_statements_covered_display": "100"}, "missing_lines": [], "excluded_lines": [], "start_line": 1183}, "UpdateUserRequest": {"executed_lines": [], "summary": {"covered_lines": 0, "num_statements": 0, "percent_covered": 100.0, "percent_covered_display": "100", "missing_lines": 0, "excluded_lines": 0, "percent_statements_covered": 100.0, "percent_statements_covered_display": "100"}, "missing_lines": [], "excluded_lines": [], "start_line": 1193}, "RevokeRequest": {"executed_lines": [], "summary": {"covered_lines": 0, "num_statements": 0, "percent_covered": 100.0, "percent_covered_display": "100", "missing_lines": 0, "excluded_lines": 0, "percent_statements_covered": 100.0, "percent_statements_covered_display": "100"}, "missing_lines": [], "excluded_lines": [], "start_line": 1198}, "PasswordResetRequest": {"executed_lines": [], "summary": {"covered_lines": 0, "num_statements": 0, "percent_covered": 100.0, "percent_covered_display": "100", "missing_lines": 0, "excluded_lines": 0, "percent_statements_covered": 100.0, "percent_statements_covered_display": "100"}, "missing_lines": [], "excluded_lines": [], "start_line": 1202}, "DomainCommitRequest": {"executed_lines": [], "summary": {"covered_lines": 0, "num_statements": 0, "percent_covered": 100.0, "percent_covered_display": "100", "missing_lines": 0, "excluded_lines": 0, "percent_statements_covered": 100.0, "percent_statements_covered_display": "100"}, "missing_lines": [], "excluded_lines": [], "start_line": 1207}, "DomainPhysicsUpdateRequest": {"executed_lines": [], "summary": {"covered_lines": 0, "num_statements": 0, "percent_covered": 100.0, "percent_covered_display": "100", "missing_lines": 0, "excluded_lines": 0, "percent_statements_covered": 100.0, "percent_statements_covered_display": "100"}, "missing_lines": [], "excluded_lines": [], "start_line": 1213}, "EscalationResolveRequest": {"executed_lines": [], "summary": {"covered_lines": 0, "num_statements": 0, "percent_covered": 100.0, "percent_covered_display": "100", "missing_lines": 0, "excluded_lines": 0, "percent_statements_covered": 100.0, "percent_statements_covered_display": "100"}, "missing_lines": [], "excluded_lines": [], "start_line": 1218}, "ToolRequestWithDomain": {"executed_lines": [], "summary": {"covered_lines": 0, "num_statements": 0, "percent_covered": 100.0, "percent_covered_display": "100", "missing_lines": 0, "excluded_lines": 0, "percent_statements_covered": 100.0, "percent_statements_covered_display": "100"}, "missing_lines": [], "excluded_lines": [], "start_line": 1445}, "": {"executed_lines": [], "summary": {"covered_lines": 0, "num_statements": 1104, "percent_covered": 0.0, "percent_covered_display": "0", "missing_lines": 1104, "excluded_lines": 0, "percent_statements_covered": 0.0, "percent_statements_covered_display": "0"}, "missing_lines": [10, 12, 13, 14, 15, 16, 17, 18, 19, 20, 21, 22, 23, 25, 26, 27, 28, 29, 31, 42, 49, 50, 51, 52, 53, 54, 60, 62, 68, 69, 70, 71, 72, 75, 80, 81, 82, 84, 85, 86, 87, 88, 91, 92, 93, 94, 99, 102, 108, 115, 116, 117, 120, 121, 122, 124, 125, 128, 135, 138, 140, 141, 142, 145, 147, 148, 149, 150, 151, 152, 153, 156, 163, 164, 165, 166, 167, 168, 169, 170, 171, 172, 173, 174, 177, 178, 179, 181, 182, 183, 184, 192, 193, 194, 196, 197, 200, 201, 204, 206, 207, 208, 213, 223, 232, 233, 235, 236, 237, 241, 242, 243, 244, 245, 246, 247, 248, 249, 250, 251, 252, 253, 256, 258, 260, 269, 271, 272, 275, 276, 279, 280, 282, 285, 286, 287, 294, 295, 296, 297, 298, 299, 301, 306, 307, 313, 314, 315, 316, 317, 318, 319, 325, 326, 327, 328, 329, 330, 331, 332, 333, 334, 335, 336, 339, 340, 341, 342, 343, 344, 345, 346, 349, 352, 353, 354, 355, 356, 357, 358, 359, 360, 363, 364, 365, 366, 369, 374, 375, 376, 377, 379, 380, 381, 383, 384, 385, 387, 388, 389, 391, 392, 394, 395, 396, 398, 399, 400, 401, 402, 404, 405, 406, 407, 408, 409, 410, 412, 413, 414, 416, 417, 418, 419, 420, 421, 422, 423, 424, 426, 427, 428, 429, 430, 432, 434, 440, 441, 448, 449, 450, 451, 452, 454, 455, 464, 467, 468, 469, 470, 471, 473, 474, 481, 484, 485, 486, 487, 492, 494, 495, 502, 503, 504, 505, 506, 514, 516, 517, 518, 520, 521, 522, 523, 524, 527, 528, 529, 537, 538, 539, 540, 543, 544, 545, 546, 547, 548, 549, 550, 551, 554, 557, 558, 559, 560, 561, 563, 564, 567, 568, 569, 570, 571, 574, 575, 576, 578, 579, 580, 581, 582, 583, 584, 585, 586, 587, 590, 597, 598, 599, 600, 602, 609, 610, 611, 612, 613, 614, 615, 616, 617, 618, 619, 620, 621, 629, 632, 635, 645, 663, 674, 683, 686, 688, 694, 695, 699, 702, 709, 711, 712, 715, 716, 717, 725, 726, 727, 728, 729, 731, 732, 733, 735, 737, 754, 755, 756, 757, 758, 759, 760, 761, 763, 774, 785, 786, 787, 789, 791, 793, 795, 796, 803, 804, 808, 809, 810, 811, 812, 818, 821, 833, 836, 837, 839, 840, 841, 843, 844, 846, 849, 851, 852, 853, 860, 874, 882, 883, 884, 885, 888, 889, 890, 891, 894, 895, 896, 897, 898, 910, 911, 913, 914, 915, 916, 918, 919, 924, 929, 930, 931, 940, 941, 942, 943, 944, 945, 947, 948, 951, 952, 953, 955, 957, 958, 960, 966, 967, 968, 971, 972, 973, 974, 976, 978, 979, 980, 981, 982, 983, 984, 985, 986, 987, 988, 989, 992, 993, 994, 995, 996, 998, 999, 1002, 1003, 1004, 1005, 1006, 1009, 1010, 1011, 1012, 1013, 1014, 1015, 1016, 1017, 1018, 1020, 1032, 1040, 1045, 1053, 1054, 1055, 1056, 1057, 1058, 1059, 1061, 1062, 1063, 1064, 1065, 1066, 1071, 1073, 1075, 1076, 1077, 1078, 1079, 1080, 1087, 1101, 1107, 1116, 1117, 1118, 1119, 1120, 1121, 1124, 1125, 1126, 1127, 1128, 1129, 1130, 1131, 1134, 1135, 1138, 1139, 1140, 1143, 1144, 1147, 1148, 1149, 1150, 1151, 1152, 1153, 1156, 1157, 1158, 1159, 1164, 1165, 1166, 1167, 1168, 1171, 1172, 1173, 1176, 1177, 1178, 1179, 1180, 1183, 1184, 1185, 1186, 1187, 1188, 1193, 1194, 1195, 1198, 1199, 1202, 1203, 1204, 1207, 1208, 1209, 1210, 1213, 1214, 1215, 1218, 1219, 1220, 1225, 1228, 1236, 1237, 1238, 1239, 1240, 1241, 1242, 1243, 1244, 1247, 1249, 1250, 1251, 1254, 1256, 1257, 1260, 1261, 1265, 1267, 1268, 1271, 1274, 1281, 1283, 1284, 1285, 1286, 1287, 1288, 1291, 1292, 1293, 1294, 1296, 1297, 1299, 1301, 1302, 1303, 1304, 1306, 1307, 1308, 1309, 1310, 1311, 1320, 1321, 1322, 1323, 1327, 1328, 1330, 1333, 1334, 1335, 1336, 1337, 1338, 1339, 1345, 1346, 1349, 1350, 1355, 1356, 1358, 1359, 1368, 1369, 1370, 1371, 1372, 1374, 1385, 1390, 1391, 1393, 1394, 1395, 1396, 1397, 1398, 1399, 1400, 1402, 1403, 1404, 1410, 1411, 1412, 1413, 1416, 1417, 1418, 1421, 1422, 1424, 1427, 1428, 1430, 1431, 1432, 1433, 1434, 1435, 1436, 1437, 1438, 1445, 1446, 1447, 1450, 1451, 1456, 1457, 1458, 1459, 1461, 1464, 1465, 1466, 1467, 1468, 1469, 1475, 1476, 1477, 1478, 1479, 1480, 1481, 1484, 1485, 1490, 1491, 1492, 1493, 1494, 1495, 1496, 1497, 1498, 1506, 1507, 1513, 1514, 1516, 1517, 1519, 1520, 1522, 1523, 1524, 1527, 1528, 1529, 1530, 1531, 1533, 1534, 1536, 1545, 1551, 1552, 1555, 1556, 1558, 1559, 1561, 1562, 1563, 1565, 1566, 1568, 1574, 1581, 1582, 1586, 1587, 1590, 1591, 1592, 1594, 1599, 1606, 1607, 1611, 1612, 1613, 1614, 1615, 1616, 1625, 1626, 1630, 1631, 1632, 1633, 1634, 1651, 1652, 1658, 1659, 1660, 1662, 1663, 1665, 1666, 1667, 1672, 1673, 1674, 1676, 1677, 1678, 1680, 1683, 1684, 1687, 1688, 1699, 1700, 1704, 1705, 1707, 1716, 1717, 1722, 1723, 1724, 1726, 1727, 1729, 1730, 1731, 1733, 1740, 1741, 1745, 1746, 1749, 1750, 1755, 1756, 1758, 1759, 1762, 1763, 1764, 1766, 1773, 1774, 1778, 1779, 1781, 1784, 1785, 1790, 1791, 1793, 1794, 1795, 1797, 1798, 1800, 1801, 1802, 1803, 1805, 1812, 1813, 1817, 1818, 1820, 1828, 1829, 1834, 1835, 1837, 1838, 1839, 1840, 1842, 1843, 1844, 1845, 1847, 1848, 1849, 1851, 1852, 1853, 1855, 1865, 1870, 1878, 1879, 1884, 1885, 1887, 1888, 1889, 1890, 1892, 1894, 1895, 1908, 1909, 1915, 1916, 1918, 1919, 1920, 1921, 1923, 1924, 1925, 1926, 1928, 1929, 1932, 1933, 1934, 1936, 1937, 1938, 1939, 1940, 1942, 1944, 1945, 1948, 1958, 1963, 1970, 1972, 1973, 1974, 1976, 1977, 1987, 1988, 1992, 1993, 1996, 1997, 2000, 2001, 2006, 2007, 2009, 2010, 2011, 2014, 2015, 2016, 2019, 2020, 2022, 2029, 2037, 2038, 2046, 2047, 2049, 2050, 2051, 2052, 2054, 2056, 2065, 2066, 2067, 2069, 2072, 2073, 2079, 2080, 2082, 2083, 2085, 2086, 2089, 2090, 2091, 2092, 2093, 2094, 2096, 2097, 2100, 2101, 2102, 2103, 2105, 2119, 2120, 2125, 2132, 2133, 2140, 2141, 2144, 2145, 2146, 2147, 2148, 2149, 2151, 2153, 2160, 2166, 2167, 2171, 2172, 2175, 2176, 2177, 2178, 2180, 2192, 2193, 2201, 2202, 2203, 2204, 2205, 2206, 2207, 2208, 2209, 2212, 2213, 2221, 2222, 2223, 2224, 2225, 2226, 2227, 2228, 2231, 2242, 2243, 2247, 2248, 2250, 2253, 2254, 2264, 2265, 2267, 2268, 2269, 2270, 2272, 2274, 2283, 2286, 2287, 2291, 2292, 2294, 2295, 2296, 2298, 2299, 2302, 2303, 2308, 2309, 2311, 2312, 2313, 2314, 2316, 2319, 2320, 2321, 2322, 2324, 2332, 2334, 2335, 2336, 2337, 2338, 2339, 2340, 2344, 2345, 2346, 2347, 2348, 2349, 2352, 2353, 2354, 2355, 2356, 2357, 2360, 2361, 2363, 2364, 2365, 2366, 2367, 2368, 2370, 2371, 2372, 2373, 2374], "excluded_lines": [], "start_line": 1}}}, "src\\lumina\\auth\\__init__.py": {"executed_lines": [], "summary": {"covered_lines": 0, "num_statements": 0, "percent_covered": 100.0, "percent_covered_display": "100", "missing_lines": 0, "excluded_lines": 0, "percent_statements_covered": 100.0, "percent_statements_covered_display": "100"}, "missing_lines": [], "excluded_lines": [], "functions": {"": {"executed_lines": [], "summary": {"covered_lines": 0, "num_statements": 0, "percent_covered": 100.0, "percent_covered_display": "100", "missing_lines": 0, "excluded_lines": 0, "percent_statements_covered": 100.0, "percent_statements_covered_display": "100"}, "missing_lines": [], "excluded_lines": [], "start_line": 1}}, "classes": {"": {"executed_lines": [], "summary": {"covered_lines": 0, "num_statements": 0, "percent_covered": 100.0, "percent_covered_display": "100", "missing_lines": 0, "excluded_lines": 0, "percent_statements_covered": 100.0, "percent_statements_covered_display": "100"}, "missing_lines": [], "excluded_lines": [], "start_line": 1}}}, "src\\lumina\\auth\\auth.py": {"executed_lines": [9, 11, 12, 13, 14, 15, 16, 17, 18, 25, 26, 27, 28, 31, 37, 40, 45, 55, 59, 63, 72, 73, 76, 78, 79, 80, 83, 97, 98, 101, 106, 107, 110, 134, 136, 138, 144, 145, 147, 148, 158, 159, 160, 161, 162, 165], "summary": {"covered_lines": 46, "num_statements": 84, "percent_covered": 54.76190476190476, "percent_covered_display": "55", "missing_lines": 38, "excluded_lines": 0, "percent_statements_covered": 54.76190476190476, "percent_statements_covered_display": "55"}, "missing_lines": [42, 47, 85, 86, 87, 88, 89, 102, 103, 135, 137, 139, 177, 178, 180, 181, 182, 184, 185, 187, 188, 189, 190, 192, 193, 194, 195, 197, 198, 200, 201, 202, 204, 205, 207, 208, 209, 211], "excluded_lines": [], "functions": {"revoke_token_jti": {"executed_lines": [], "summary": {"covered_lines": 0, "num_statements": 1, "percent_covered": 0.0, "percent_covered_display": "0", "missing_lines": 1, "excluded_lines": 0, "percent_statements_covered": 0.0, "percent_statements_covered_display": "0"}, "missing_lines": [42], "excluded_lines": [], "start_line": 40}, "is_token_revoked": {"executed_lines": [], "summary": {"covered_lines": 0, "num_statements": 1, "percent_covered": 0.0, "percent_covered_display": "0", "missing_lines": 1, "excluded_lines": 0, "percent_statements_covered": 0.0, "percent_statements_covered_display": "0"}, "missing_lines": [47], "excluded_lines": [], "start_line": 45}, "_generate_salt": {"executed_lines": [73], "summary": {"covered_lines": 1, "num_statements": 1, "percent_covered": 100.0, "percent_covered_display": "100", "missing_lines": 0, "excluded_lines": 0, "percent_statements_covered": 100.0, "percent_statements_covered_display": "100"}, "missing_lines": [], "excluded_lines": [], "start_line": 72}, "hash_password": {"executed_lines": [78, 79, 80], "summary": {"covered_lines": 3, "num_statements": 3, "percent_covered": 100.0, "percent_covered_display": "100", "missing_lines": 0, "excluded_lines": 0, "percent_statements_covered": 100.0, "percent_statements_covered_display": "100"}, "missing_lines": [], "excluded_lines": [], "start_line": 76}, "verify_password": {"executed_lines": [], "summary": {"covered_lines": 0, "num_statements": 5, "percent_covered": 0.0, "percent_covered_display": "0", "missing_lines": 5, "excluded_lines": 0, "percent_statements_covered": 0.0, "percent_statements_covered_display": "0"}, "missing_lines": [85, 86, 87, 88, 89], "excluded_lines": [], "start_line": 83}, "_b64url_encode": {"executed_lines": [98], "summary": {"covered_lines": 1, "num_statements": 1, "percent_covered": 100.0, "percent_covered_display": "100", "missing_lines": 0, "excluded_lines": 0, "percent_statements_covered": 100.0, "percent_statements_covered_display": "100"}, "missing_lines": [], "excluded_lines": [], "start_line": 97}, "_b64url_decode": {"executed_lines": [], "summary": {"covered_lines": 0, "num_statements": 2, "percent_covered": 0.0, "percent_covered_display": "0", "missing_lines": 2, "excluded_lines": 0, "percent_statements_covered": 0.0, "percent_statements_covered_display": "0"}, "missing_lines": [102, 103], "excluded_lines": [], "start_line": 101}, "_sign_hs256": {"executed_lines": [107], "summary": {"covered_lines": 1, "num_statements": 1, "percent_covered": 100.0, "percent_covered_display": "100", "missing_lines": 0, "excluded_lines": 0, "percent_statements_covered": 100.0, "percent_statements_covered_display": "100"}, "missing_lines": [], "excluded_lines": [], "start_line": 106}, "create_jwt": {"executed_lines": [134, 136, 138, 144, 145, 147, 148, 158, 159, 160, 161, 162], "summary": {"covered_lines": 12, "num_statements": 15, "percent_covered": 80.0, "percent_covered_display": "80", "missing_lines": 3, "excluded_lines": 0, "percent_statements_covered": 80.0, "percent_statements_covered_display": "80"}, "missing_lines": [135, 137, 139], "excluded_lines": [], "start_line": 110}, "verify_jwt": {"executed_lines": [], "summary": {"covered_lines": 0, "num_statements": 26, "percent_covered": 0.0, "percent_covered_display": "0", "missing_lines": 26, "excluded_lines": 0, "percent_statements_covered": 0.0, "percent_statements_covered_display": "0"}, "missing_lines": [177, 178, 180, 181, 182, 184, 185, 187, 188, 189, 190, 192, 193, 194, 195, 197, 198, 200, 201, 202, 204, 205, 207, 208, 209, 211], "excluded_lines": [], "start_line": 165}, "": {"executed_lines": [9, 11, 12, 13, 14, 15, 16, 17, 18, 25, 26, 27, 28, 31, 37, 40, 45, 55, 59, 63, 72, 76, 83, 97, 101, 106, 110, 165], "summary": {"covered_lines": 28, "num_statements": 28, "percent_covered": 100.0, "percent_covered_display": "100", "missing_lines": 0, "excluded_lines": 0, "percent_statements_covered": 100.0, "percent_statements_covered_display": "100"}, "missing_lines": [], "excluded_lines": [], "start_line": 1}}, "classes": {"AuthError": {"executed_lines": [], "summary": {"covered_lines": 0, "num_statements": 0, "percent_covered": 100.0, "percent_covered_display": "100", "missing_lines": 0, "excluded_lines": 0, "percent_statements_covered": 100.0, "percent_statements_covered_display": "100"}, "missing_lines": [], "excluded_lines": [], "start_line": 55}, "TokenExpiredError": {"executed_lines": [], "summary": {"covered_lines": 0, "num_statements": 0, "percent_covered": 100.0, "percent_covered_display": "100", "missing_lines": 0, "excluded_lines": 0, "percent_statements_covered": 100.0, "percent_statements_covered_display": "100"}, "missing_lines": [], "excluded_lines": [], "start_line": 59}, "TokenInvalidError": {"executed_lines": [], "summary": {"covered_lines": 0, "num_statements": 0, "percent_covered": 100.0, "percent_covered_display": "100", "missing_lines": 0, "excluded_lines": 0, "percent_statements_covered": 100.0, "percent_statements_covered_display": "100"}, "missing_lines": [], "excluded_lines": [], "start_line": 63}, "": {"executed_lines": [9, 11, 12, 13, 14, 15, 16, 17, 18, 25, 26, 27, 28, 31, 37, 40, 45, 55, 59, 63, 72, 73, 76, 78, 79, 80, 83, 97, 98, 101, 106, 107, 110, 134, 136, 138, 144, 145, 147, 148, 158, 159, 160, 161, 162, 165], "summary": {"covered_lines": 46, "num_statements": 84, "percent_covered": 54.76190476190476, "percent_covered_display": "55", "missing_lines": 38, "excluded_lines": 0, "percent_statements_covered": 54.76190476190476, "percent_statements_covered_display": "55"}, "missing_lines": [42, 47, 85, 86, 87, 88, 89, 102, 103, 135, 137, 139, 177, 178, 180, 181, 182, 184, 185, 187, 188, 189, 190, 192, 193, 194, 195, 197, 198, 200, 201, 202, 204, 205, 207, 208, 209, 211], "excluded_lines": [], "start_line": 1}}}, "src\\lumina\\cli\\__init__.py": {"executed_lines": [], "summary": {"covered_lines": 0, "num_statements": 0, "percent_covered": 100.0, "percent_covered_display": "100", "missing_lines": 0, "excluded_lines": 0, "percent_statements_covered": 100.0, "percent_statements_covered_display": "100"}, "missing_lines": [], "excluded_lines": [], "functions": {"": {"executed_lines": [], "summary": {"covered_lines": 0, "num_statements": 0, "percent_covered": 100.0, "percent_covered_display": "100", "missing_lines": 0, "excluded_lines": 0, "percent_statements_covered": 100.0, "percent_statements_covered_display": "100"}, "missing_lines": [], "excluded_lines": [], "start_line": 1}}, "classes": {"": {"executed_lines": [], "summary": {"covered_lines": 0, "num_statements": 0, "percent_covered": 100.0, "percent_covered_display": "100", "missing_lines": 0, "excluded_lines": 0, "percent_statements_covered": 100.0, "percent_statements_covered_display": "100"}, "missing_lines": [], "excluded_lines": [], "start_line": 1}}}, "src\\lumina\\cli\\cli.py": {"executed_lines": [], "summary": {"covered_lines": 0, "num_statements": 39, "percent_covered": 0.0, "percent_covered_display": "0", "missing_lines": 39, "excluded_lines": 0, "percent_statements_covered": 0.0, "percent_statements_covered_display": "0"}, "missing_lines": [1, 3, 4, 7, 8, 11, 12, 13, 14, 15, 18, 19, 20, 21, 22, 25, 26, 29, 30, 33, 34, 37, 38, 41, 42, 45, 46, 48, 49, 50, 51, 53, 56, 57, 59, 60, 61, 62, 64], "excluded_lines": [], "functions": {"_repo_root": {"executed_lines": [], "summary": {"covered_lines": 0, "num_statements": 1, "percent_covered": 0.0, "percent_covered_display": "0", "missing_lines": 1, "excluded_lines": 0, "percent_statements_covered": 0.0, "percent_statements_covered_display": "0"}, "missing_lines": [8], "excluded_lines": [], "start_line": 7}, "_run_systool": {"executed_lines": [], "summary": {"covered_lines": 0, "num_statements": 4, "percent_covered": 0.0, "percent_covered_display": "0", "missing_lines": 4, "excluded_lines": 0, "percent_statements_covered": 0.0, "percent_statements_covered_display": "0"}, "missing_lines": [12, 13, 14, 15], "excluded_lines": [], "start_line": 11}, "api": {"executed_lines": [], "summary": {"covered_lines": 0, "num_statements": 4, "percent_covered": 0.0, "percent_covered_display": "0", "missing_lines": 4, "excluded_lines": 0, "percent_statements_covered": 0.0, "percent_statements_covered_display": "0"}, "missing_lines": [19, 20, 21, 22], "excluded_lines": [], "start_line": 18}, "verify": {"executed_lines": [], "summary": {"covered_lines": 0, "num_statements": 1, "percent_covered": 0.0, "percent_covered_display": "0", "missing_lines": 1, "excluded_lines": 0, "percent_statements_covered": 0.0, "percent_statements_covered_display": "0"}, "missing_lines": [26], "excluded_lines": [], "start_line": 25}, "orchestrator_demo": {"executed_lines": [], "summary": {"covered_lines": 0, "num_statements": 1, "percent_covered": 0.0, "percent_covered_display": "0", "missing_lines": 1, "excluded_lines": 0, "percent_statements_covered": 0.0, "percent_statements_covered_display": "0"}, "missing_lines": [30], "excluded_lines": [], "start_line": 29}, "ctl_validate": {"executed_lines": [], "summary": {"covered_lines": 0, "num_statements": 1, "percent_covered": 0.0, "percent_covered_display": "0", "missing_lines": 1, "excluded_lines": 0, "percent_statements_covered": 0.0, "percent_statements_covered_display": "0"}, "missing_lines": [34], "excluded_lines": [], "start_line": 33}, "security_freeze": {"executed_lines": [], "summary": {"covered_lines": 0, "num_statements": 1, "percent_covered": 0.0, "percent_covered_display": "0", "missing_lines": 1, "excluded_lines": 0, "percent_statements_covered": 0.0, "percent_statements_covered_display": "0"}, "missing_lines": [38], "excluded_lines": [], "start_line": 37}, "yaml_convert": {"executed_lines": [], "summary": {"covered_lines": 0, "num_statements": 1, "percent_covered": 0.0, "percent_covered_display": "0", "missing_lines": 1, "excluded_lines": 0, "percent_statements_covered": 0.0, "percent_statements_covered_display": "0"}, "missing_lines": [42], "excluded_lines": [], "start_line": 41}, "integrity_check": {"executed_lines": [], "summary": {"covered_lines": 0, "num_statements": 6, "percent_covered": 0.0, "percent_covered_display": "0", "missing_lines": 6, "excluded_lines": 0, "percent_statements_covered": 0.0, "percent_statements_covered_display": "0"}, "missing_lines": [46, 48, 49, 50, 51, 53], "excluded_lines": [], "start_line": 45}, "manifest_regen": {"executed_lines": [], "summary": {"covered_lines": 0, "num_statements": 6, "percent_covered": 0.0, "percent_covered_display": "0", "missing_lines": 6, "excluded_lines": 0, "percent_statements_covered": 0.0, "percent_statements_covered_display": "0"}, "missing_lines": [57, 59, 60, 61, 62, 64], "excluded_lines": [], "start_line": 56}, "": {"executed_lines": [], "summary": {"covered_lines": 0, "num_statements": 13, "percent_covered": 0.0, "percent_covered_display": "0", "missing_lines": 13, "excluded_lines": 0, "percent_statements_covered": 0.0, "percent_statements_covered_display": "0"}, "missing_lines": [1, 3, 4, 7, 11, 18, 25, 29, 33, 37, 41, 45, 56], "excluded_lines": [], "start_line": 1}}, "classes": {"": {"executed_lines": [], "summary": {"covered_lines": 0, "num_statements": 39, "percent_covered": 0.0, "percent_covered_display": "0", "missing_lines": 39, "excluded_lines": 0, "percent_statements_covered": 0.0, "percent_statements_covered_display": "0"}, "missing_lines": [1, 3, 4, 7, 8, 11, 12, 13, 14, 15, 18, 19, 20, 21, 22, 25, 26, 29, 30, 33, 34, 37, 38, 41, 42, 45, 46, 48, 49, 50, 51, 53, 56, 57, 59, 60, 61, 62, 64], "excluded_lines": [], "start_line": 1}}}, "src\\lumina\\core\\__init__.py": {"executed_lines": [], "summary": {"covered_lines": 0, "num_statements": 0, "percent_covered": 100.0, "percent_covered_display": "100", "missing_lines": 0, "excluded_lines": 0, "percent_statements_covered": 100.0, "percent_statements_covered_display": "100"}, "missing_lines": [], "excluded_lines": [], "functions": {"": {"executed_lines": [], "summary": {"covered_lines": 0, "num_statements": 0, "percent_covered": 100.0, "percent_covered_display": "100", "missing_lines": 0, "excluded_lines": 0, "percent_statements_covered": 100.0, "percent_statements_covered_display": "100"}, "missing_lines": [], "excluded_lines": [], "start_line": 1}}, "classes": {"": {"executed_lines": [], "summary": {"covered_lines": 0, "num_statements": 0, "percent_covered": 100.0, "percent_covered_display": "100", "missing_lines": 0, "excluded_lines": 0, "percent_statements_covered": 100.0, "percent_statements_covered_display": "100"}, "missing_lines": [], "excluded_lines": [], "start_line": 1}}}, "src\\lumina\\core\\domain_registry.py": {"executed_lines": [12, 14, 15, 16, 17, 19, 21, 24, 27, 34, 35, 36, 37, 40, 41, 42, 44, 46, 48, 49, 56, 94, 95, 98, 99, 102, 116, 132, 149, 175, 178], "summary": {"covered_lines": 31, "num_statements": 91, "percent_covered": 34.065934065934066, "percent_covered_display": "34", "missing_lines": 60, "excluded_lines": 0, "percent_statements_covered": 34.065934065934066, "percent_statements_covered_display": "34"}, "missing_lines": [45, 51, 57, 58, 59, 61, 62, 63, 65, 66, 67, 70, 71, 72, 73, 77, 78, 79, 81, 82, 86, 96, 100, 104, 105, 106, 107, 108, 114, 121, 122, 123, 124, 125, 130, 134, 135, 137, 138, 140, 141, 144, 145, 147, 151, 152, 153, 156, 157, 158, 160, 161, 163, 168, 170, 171, 172, 179, 180, 181], "excluded_lines": [], "functions": {"DomainRegistry.__init__": {"executed_lines": [34, 35, 36, 37, 40, 41, 42, 44, 46, 48, 49], "summary": {"covered_lines": 11, "num_statements": 13, "percent_covered": 84.61538461538461, "percent_covered_display": "85", "missing_lines": 2, "excluded_lines": 0, "percent_statements_covered": 84.61538461538461, "percent_statements_covered_display": "85"}, "missing_lines": [45, 51], "excluded_lines": [], "start_line": 27}, "DomainRegistry._load_registry": {"executed_lines": [], "summary": {"covered_lines": 0, "num_statements": 19, "percent_covered": 0.0, "percent_covered_display": "0", "missing_lines": 19, "excluded_lines": 0, "percent_statements_covered": 0.0, "percent_statements_covered_display": "0"}, "missing_lines": [57, 58, 59, 61, 62, 63, 65, 66, 67, 70, 71, 72, 73, 77, 78, 79, 81, 82, 86], "excluded_lines": [], "start_line": 56}, "DomainRegistry.is_multi_domain": {"executed_lines": [], "summary": {"covered_lines": 0, "num_statements": 1, "percent_covered": 0.0, "percent_covered_display": "0", "missing_lines": 1, "excluded_lines": 0, "percent_statements_covered": 0.0, "percent_statements_covered_display": "0"}, "missing_lines": [96], "excluded_lines": [], "start_line": 95}, "DomainRegistry.default_domain_id": {"executed_lines": [], "summary": {"covered_lines": 0, "num_statements": 1, "percent_covered": 0.0, "percent_covered_display": "0", "missing_lines": 1, "excluded_lines": 0, "percent_statements_covered": 0.0, "percent_statements_covered_display": "0"}, "missing_lines": [100], "excluded_lines": [], "start_line": 99}, "DomainRegistry.list_domains": {"executed_lines": [], "summary": {"covered_lines": 0, "num_statements": 6, "percent_covered": 0.0, "percent_covered_display": "0", "missing_lines": 6, "excluded_lines": 0, "percent_statements_covered": 0.0, "percent_statements_covered_display": "0"}, "missing_lines": [104, 105, 106, 107, 108, 114], "excluded_lines": [], "start_line": 102}, "DomainRegistry.get_domain_routing_map": {"executed_lines": [], "summary": {"covered_lines": 0, "num_statements": 6, "percent_covered": 0.0, "percent_covered_display": "0", "missing_lines": 6, "excluded_lines": 0, "percent_statements_covered": 0.0, "percent_statements_covered_display": "0"}, "missing_lines": [121, 122, 123, 124, 125, 130], "excluded_lines": [], "start_line": 116}, "DomainRegistry.resolve_domain_id": {"executed_lines": [], "summary": {"covered_lines": 0, "num_statements": 9, "percent_covered": 0.0, "percent_covered_display": "0", "missing_lines": 9, "excluded_lines": 0, "percent_statements_covered": 0.0, "percent_statements_covered_display": "0"}, "missing_lines": [134, 135, 137, 138, 140, 141, 144, 145, 147], "excluded_lines": [], "start_line": 132}, "DomainRegistry.get_runtime_context": {"executed_lines": [], "summary": {"covered_lines": 0, "num_statements": 13, "percent_covered": 0.0, "percent_covered_display": "0", "missing_lines": 13, "excluded_lines": 0, "percent_statements_covered": 0.0, "percent_statements_covered_display": "0"}, "missing_lines": [151, 152, 153, 156, 157, 158, 160, 161, 163, 168, 170, 171, 172], "excluded_lines": [], "start_line": 149}, "DomainNotFoundError.__init__": {"executed_lines": [], "summary": {"covered_lines": 0, "num_statements": 3, "percent_covered": 0.0, "percent_covered_display": "0", "missing_lines": 3, "excluded_lines": 0, "percent_statements_covered": 0.0, "percent_statements_covered_display": "0"}, "missing_lines": [179, 180, 181], "excluded_lines": [], "start_line": 178}, "": {"executed_lines": [12, 14, 15, 16, 17, 19, 21, 24, 27, 56, 94, 95, 98, 99, 102, 116, 132, 149, 175, 178], "summary": {"covered_lines": 20, "num_statements": 20, "percent_covered": 100.0, "percent_covered_display": "100", "missing_lines": 0, "excluded_lines": 0, "percent_statements_covered": 100.0, "percent_statements_covered_display": "100"}, "missing_lines": [], "excluded_lines": [], "start_line": 1}}, "classes": {"DomainRegistry": {"executed_lines": [34, 35, 36, 37, 40, 41, 42, 44, 46, 48, 49], "summary": {"covered_lines": 11, "num_statements": 68, "percent_covered": 16.176470588235293, "percent_covered_display": "16", "missing_lines": 57, "excluded_lines": 0, "percent_statements_covered": 16.176470588235293, "percent_statements_covered_display": "16"}, "missing_lines": [45, 51, 57, 58, 59, 61, 62, 63, 65, 66, 67, 70, 71, 72, 73, 77, 78, 79, 81, 82, 86, 96, 100, 104, 105, 106, 107, 108, 114, 121, 122, 123, 124, 125, 130, 134, 135, 137, 138, 140, 141, 144, 145, 147, 151, 152, 153, 156, 157, 158, 160, 161, 163, 168, 170, 171, 172], "excluded_lines": [], "start_line": 24}, "DomainNotFoundError": {"executed_lines": [], "summary": {"covered_lines": 0, "num_statements": 3, "percent_covered": 0.0, "percent_covered_display": "0", "missing_lines": 3, "excluded_lines": 0, "percent_statements_covered": 0.0, "percent_statements_covered_display": "0"}, "missing_lines": [179, 180, 181], "excluded_lines": [], "start_line": 175}, "": {"executed_lines": [12, 14, 15, 16, 17, 19, 21, 24, 27, 56, 94, 95, 98, 99, 102, 116, 132, 149, 175, 178], "summary": {"covered_lines": 20, "num_statements": 20, "percent_covered": 100.0, "percent_covered_display": "100", "missing_lines": 0, "excluded_lines": 0, "percent_statements_covered": 100.0, "percent_statements_covered_display": "100"}, "missing_lines": [], "excluded_lines": [], "start_line": 1}}}, "src\\lumina\\core\\nlp.py": {"executed_lines": [], "summary": {"covered_lines": 0, "num_statements": 103, "percent_covered": 0.0, "percent_covered_display": "0", "missing_lines": 103, "excluded_lines": 0, "percent_statements_covered": 0.0, "percent_statements_covered_display": "0"}, "missing_lines": [15, 17, 18, 19, 21, 25, 26, 29, 37, 38, 39, 40, 42, 43, 45, 46, 47, 48, 49, 50, 51, 52, 53, 54, 55, 56, 57, 58, 59, 64, 70, 75, 76, 77, 78, 79, 80, 84, 85, 86, 87, 88, 89, 104, 105, 106, 107, 108, 111, 113, 114, 115, 116, 117, 122, 125, 147, 148, 150, 151, 152, 157, 158, 160, 163, 164, 165, 166, 167, 168, 169, 170, 172, 173, 174, 175, 176, 183, 184, 185, 186, 187, 188, 189, 190, 191, 192, 193, 194, 195, 196, 203, 204, 205, 207, 209, 210, 211, 212, 213, 214, 215, 221], "excluded_lines": [], "functions": {"get_nlp": {"executed_lines": [], "summary": {"covered_lines": 0, "num_statements": 22, "percent_covered": 0.0, "percent_covered_display": "0", "missing_lines": 22, "excluded_lines": 0, "percent_statements_covered": 0.0, "percent_statements_covered_display": "0"}, "missing_lines": [37, 38, 39, 40, 42, 43, 45, 46, 47, 48, 49, 50, 51, 52, 53, 54, 55, 56, 57, 58, 59, 64], "excluded_lines": [], "start_line": 29}, "split_sentences": {"executed_lines": [], "summary": {"covered_lines": 0, "num_statements": 17, "percent_covered": 0.0, "percent_covered_display": "0", "missing_lines": 17, "excluded_lines": 0, "percent_statements_covered": 0.0, "percent_statements_covered_display": "0"}, "missing_lines": [75, 76, 77, 78, 79, 80, 84, 85, 86, 87, 88, 89, 104, 105, 106, 107, 108], "excluded_lines": [], "start_line": 70}, "tokenize": {"executed_lines": [], "summary": {"covered_lines": 0, "num_statements": 5, "percent_covered": 0.0, "percent_covered_display": "0", "missing_lines": 5, "excluded_lines": 0, "percent_statements_covered": 0.0, "percent_statements_covered_display": "0"}, "missing_lines": [113, 114, 115, 116, 117], "excluded_lines": [], "start_line": 111}, "classify_domain": {"executed_lines": [], "summary": {"covered_lines": 0, "num_statements": 47, "percent_covered": 0.0, "percent_covered_display": "0", "missing_lines": 47, "excluded_lines": 0, "percent_statements_covered": 0.0, "percent_statements_covered_display": "0"}, "missing_lines": [147, 148, 150, 151, 152, 157, 158, 160, 163, 164, 165, 166, 167, 168, 169, 170, 172, 173, 174, 175, 176, 183, 184, 185, 186, 187, 188, 189, 190, 191, 192, 193, 194, 195, 196, 203, 204, 205, 207, 209, 210, 211, 212, 213, 214, 215, 221], "excluded_lines": [], "start_line": 125}, "": {"executed_lines": [], "summary": {"covered_lines": 0, "num_statements": 12, "percent_covered": 0.0, "percent_covered_display": "0", "missing_lines": 12, "excluded_lines": 0, "percent_statements_covered": 0.0, "percent_statements_covered_display": "0"}, "missing_lines": [15, 17, 18, 19, 21, 25, 26, 29, 70, 111, 122, 125], "excluded_lines": [], "start_line": 1}}, "classes": {"": {"executed_lines": [], "summary": {"covered_lines": 0, "num_statements": 103, "percent_covered": 0.0, "percent_covered_display": "0", "missing_lines": 103, "excluded_lines": 0, "percent_statements_covered": 0.0, "percent_statements_covered_display": "0"}, "missing_lines": [15, 17, 18, 19, 21, 25, 26, 29, 37, 38, 39, 40, 42, 43, 45, 46, 47, 48, 49, 50, 51, 52, 53, 54, 55, 56, 57, 58, 59, 64, 70, 75, 76, 77, 78, 79, 80, 84, 85, 86, 87, 88, 89, 104, 105, 106, 107, 108, 111, 113, 114, 115, 116, 117, 122, 125, 147, 148, 150, 151, 152, 157, 158, 160, 163, 164, 165, 166, 167, 168, 169, 170, 172, 173, 174, 175, 176, 183, 184, 185, 186, 187, 188, 189, 190, 191, 192, 193, 194, 195, 196, 203, 204, 205, 207, 209, 210, 211, 212, 213, 214, 215, 221], "excluded_lines": [], "start_line": 1}}}, "src\\lumina\\core\\permissions.py": {"executed_lines": [11, 13, 14, 17, 20, 21, 22, 26, 31, 42, 105, 119], "summary": {"covered_lines": 12, "num_statements": 50, "percent_covered": 24.0, "percent_covered_display": "24", "missing_lines": 38, "excluded_lines": 0, "percent_statements_covered": 24.0, "percent_statements_covered_display": "24"}, "missing_lines": [37, 38, 39, 68, 69, 71, 72, 73, 75, 78, 79, 80, 81, 83, 86, 87, 90, 91, 92, 93, 94, 95, 96, 97, 98, 99, 100, 102, 112, 113, 114, 125, 126, 127, 128, 129, 130, 131], "excluded_lines": [], "functions": {"parse_octal": {"executed_lines": [], "summary": {"covered_lines": 0, "num_statements": 3, "percent_covered": 0.0, "percent_covered_display": "0", "missing_lines": 3, "excluded_lines": 0, "percent_statements_covered": 0.0, "percent_statements_covered_display": "0"}, "missing_lines": [37, 38, 39], "excluded_lines": [], "start_line": 31}, "check_permission": {"executed_lines": [], "summary": {"covered_lines": 0, "num_statements": 25, "percent_covered": 0.0, "percent_covered_display": "0", "missing_lines": 25, "excluded_lines": 0, "percent_statements_covered": 0.0, "percent_statements_covered_display": "0"}, "missing_lines": [68, 69, 71, 72, 73, 75, 78, 79, 80, 81, 83, 86, 87, 90, 91, 92, 93, 94, 95, 96, 97, 98, 99, 100, 102], "excluded_lines": [], "start_line": 42}, "check_permission_or_raise": {"executed_lines": [], "summary": {"covered_lines": 0, "num_statements": 3, "percent_covered": 0.0, "percent_covered_display": "0", "missing_lines": 3, "excluded_lines": 0, "percent_statements_covered": 0.0, "percent_statements_covered_display": "0"}, "missing_lines": [112, 113, 114], "excluded_lines": [], "start_line": 105}, "mode_to_symbolic": {"executed_lines": [], "summary": {"covered_lines": 0, "num_statements": 7, "percent_covered": 0.0, "percent_covered_display": "0", "missing_lines": 7, "excluded_lines": 0, "percent_statements_covered": 0.0, "percent_statements_covered_display": "0"}, "missing_lines": [125, 126, 127, 128, 129, 130, 131], "excluded_lines": [], "start_line": 119}, "": {"executed_lines": [11, 13, 14, 17, 20, 21, 22, 26, 31, 42, 105, 119], "summary": {"covered_lines": 12, "num_statements": 12, "percent_covered": 100.0, "percent_covered_display": "100", "missing_lines": 0, "excluded_lines": 0, "percent_statements_covered": 100.0, "percent_statements_covered_display": "100"}, "missing_lines": [], "excluded_lines": [], "start_line": 1}}, "classes": {"Operation": {"executed_lines": [], "summary": {"covered_lines": 0, "num_statements": 0, "percent_covered": 100.0, "percent_covered_display": "100", "missing_lines": 0, "excluded_lines": 0, "percent_statements_covered": 100.0, "percent_statements_covered_display": "100"}, "missing_lines": [], "excluded_lines": [], "start_line": 17}, "": {"executed_lines": [11, 13, 14, 17, 20, 21, 22, 26, 31, 42, 105, 119], "summary": {"covered_lines": 12, "num_statements": 50, "percent_covered": 24.0, "percent_covered_display": "24", "missing_lines": 38, "excluded_lines": 0, "percent_statements_covered": 24.0, "percent_statements_covered_display": "24"}, "missing_lines": [37, 38, 39, 68, 69, 71, 72, 73, 75, 78, 79, 80, 81, 83, 86, 87, 90, 91, 92, 93, 94, 95, 96, 97, 98, 99, 100, 102, 112, 113, 114, 125, 126, 127, 128, 129, 130, 131], "excluded_lines": [], "start_line": 1}}}, "src\\lumina\\core\\runtime_loader.py": {"executed_lines": [1, 3, 4, 5, 6, 7, 8, 10, 16, 39, 46, 50, 56, 62, 68, 74, 81, 89, 145], "summary": {"covered_lines": 19, "num_statements": 138, "percent_covered": 13.768115942028986, "percent_covered_display": "14", "missing_lines": 119, "excluded_lines": 0, "percent_statements_covered": 13.768115942028986, "percent_statements_covered_display": "14"}, "missing_lines": [17, 18, 23, 24, 25, 26, 28, 29, 30, 31, 33, 34, 35, 36, 40, 41, 42, 43, 47, 51, 52, 53, 57, 58, 59, 63, 64, 65, 69, 70, 71, 75, 76, 77, 78, 82, 83, 84, 85, 86, 90, 91, 93, 100, 101, 104, 105, 106, 107, 108, 109, 111, 112, 114, 115, 116, 118, 119, 120, 122, 123, 124, 125, 126, 127, 129, 130, 131, 133, 134, 135, 1
[...]
92, 347, 367], "summary": {"covered_lines": 27, "num_statements": 28, "percent_covered": 96.42857142857143, "percent_covered_display": "96", "missing_lines": 1, "excluded_lines": 0, "percent_statements_covered": 96.42857142857143, "percent_statements_covered_display": "96"}, "missing_lines": [368], "excluded_lines": [], "start_line": 1}}, "classes": {"": {"executed_lines": [16, 18, 19, 20, 21, 22, 23, 24, 25, 26, 27, 29, 33, 36, 38, 45, 49, 84, 85, 86, 87, 90, 165, 242, 292, 347, 367], "summary": {"covered_lines": 27, "num_statements": 192, "percent_covered": 14.0625, "percent_covered_display": "14", "missing_lines": 165, "excluded_lines": 0, "percent_statements_covered": 14.0625, "percent_statements_covered_display": "14"}, "missing_lines": [46, 58, 59, 60, 62, 63, 64, 65, 66, 67, 69, 70, 71, 72, 74, 75, 77, 97, 98, 100, 101, 103, 104, 105, 106, 107, 108, 110, 111, 113, 114, 115, 116, 118, 120, 121, 122, 123, 124, 126, 130, 132, 133, 134, 135, 137, 144, 145, 150, 152, 157, 158, 173, 174, 177, 178, 179, 180, 181, 182, 183, 184, 185, 187, 189, 190, 191, 192, 195, 196, 197, 198, 200, 202, 203, 204, 205, 208, 209, 210, 211, 212, 215, 216, 219, 220, 221, 223, 225, 227, 228, 229, 230, 231, 249, 250, 252, 253, 255, 256, 257, 258, 259, 260, 262, 263, 265, 266, 267, 268, 270, 272, 273, 274, 275, 276, 277, 279, 280, 282, 298, 299, 301, 302, 303, 304, 305, 306, 307, 308, 309, 311, 313, 314, 315, 316, 318, 319, 320, 321, 322, 324, 325, 326, 327, 328, 330, 331, 332, 333, 334, 336, 338, 340, 348, 352, 353, 354, 358, 360, 361, 362, 363, 364, 368], "excluded_lines": [], "start_line": 1}}}, "src\\lumina\\systools\\security_freeze.py": {"executed_lines": [], "summary": {"covered_lines": 0, "num_statements": 115, "percent_covered": 0.0, "percent_covered_display": "0", "missing_lines": 115, "excluded_lines": 0, "percent_statements_covered": 0.0, "percent_statements_covered_display": "0"}, "missing_lines": [18, 20, 21, 22, 23, 24, 25, 26, 27, 29, 30, 31, 32, 39, 40, 43, 44, 47, 48, 55, 56, 57, 58, 59, 60, 61, 62, 63, 64, 65, 66, 67, 68, 71, 72, 73, 74, 75, 82, 83, 84, 86, 87, 88, 95, 96, 97, 98, 99, 106, 113, 114, 117, 118, 120, 121, 122, 124, 125, 126, 127, 128, 129, 130, 131, 133, 134, 135, 136, 138, 139, 146, 148, 149, 150, 151, 153, 158, 159, 160, 161, 164, 165, 178, 179, 180, 182, 185, 186, 187, 188, 189, 190, 191, 192, 194, 195, 196, 197, 198, 199, 200, 201, 203, 204, 205, 212, 213, 217, 221, 225, 230, 231, 238, 239], "excluded_lines": [], "functions": {"canonical_json": {"executed_lines": [], "summary": {"covered_lines": 0, "num_statements": 1, "percent_covered": 0.0, "percent_covered_display": "0", "missing_lines": 1, "excluded_lines": 0, "percent_statements_covered": 0.0, "percent_statements_covered_display": "0"}, "missing_lines": [40], "excluded_lines": [], "start_line": 39}, "sha256_hex": {"executed_lines": [], "summary": {"covered_lines": 0, "num_statements": 1, "percent_covered": 0.0, "percent_covered_display": "0", "missing_lines": 1, "excluded_lines": 0, "percent_statements_covered": 0.0, "percent_statements_covered_display": "0"}, "missing_lines": [44], "excluded_lines": [], "start_line": 43}, "hash_record": {"executed_lines": [], "summary": {"covered_lines": 0, "num_statements": 1, "percent_covered": 0.0, "percent_covered_display": "0", "missing_lines": 1, "excluded_lines": 0, "percent_statements_covered": 0.0, "percent_statements_covered_display": "0"}, "missing_lines": [48], "excluded_lines": [], "start_line": 47}, "load_ledger": {"executed_lines": [], "summary": {"covered_lines": 0, "num_statements": 13, "percent_covered": 0.0, "percent_covered_display": "0", "missing_lines": 13, "excluded_lines": 0, "percent_statements_covered": 0.0, "percent_statements_covered_display": "0"}, "missing_lines": [56, 57, 58, 59, 60, 61, 62, 63, 64, 65, 66, 67, 68], "excluded_lines": [], "start_line": 55}, "append_record": {"executed_lines": [], "summary": {"covered_lines": 0, "num_statements": 4, "percent_covered": 0.0, "percent_covered_display": "0", "missing_lines": 4, "excluded_lines": 0, "percent_statements_covered": 0.0, "percent_statements_covered_display": "0"}, "missing_lines": [72, 73, 74, 75], "excluded_lines": [], "start_line": 71}, "verify_chain": {"executed_lines": [], "summary": {"covered_lines": 0, "num_statements": 11, "percent_covered": 0.0, "percent_covered_display": "0", "missing_lines": 11, "excluded_lines": 0, "percent_statements_covered": 0.0, "percent_statements_covered_display": "0"}, "missing_lines": [83, 84, 86, 87, 88, 95, 96, 97, 98, 99, 106], "excluded_lines": [], "start_line": 82}, "find_ledger_files": {"executed_lines": [], "summary": {"covered_lines": 0, "num_statements": 1, "percent_covered": 0.0, "percent_covered_display": "0", "missing_lines": 1, "excluded_lines": 0, "percent_statements_covered": 0.0, "percent_statements_covered_display": "0"}, "missing_lines": [114], "excluded_lines": [], "start_line": 113}, "run_security_freeze": {"executed_lines": [], "summary": {"covered_lines": 0, "num_statements": 53, "percent_covered": 0.0, "percent_covered_display": "0", "missing_lines": 53, "excluded_lines": 0, "percent_statements_covered": 0.0, "percent_statements_covered_display": "0"}, "missing_lines": [118, 120, 121, 122, 124, 125, 126, 127, 128, 129, 130, 131, 133, 134, 135, 136, 138, 139, 146, 148, 149, 150, 151, 153, 158, 159, 160, 161, 164, 165, 178, 179, 180, 182, 185, 186, 187, 188, 189, 190, 191, 192, 194, 195, 196, 197, 198, 199, 200, 201, 203, 204, 205], "excluded_lines": [], "start_line": 117}, "main": {"executed_lines": [], "summary": {"covered_lines": 0, "num_statements": 6, "percent_covered": 0.0, "percent_covered_display": "0", "missing_lines": 6, "excluded_lines": 0, "percent_statements_covered": 0.0, "percent_statements_covered_display": "0"}, "missing_lines": [213, 217, 221, 225, 230, 231], "excluded_lines": [], "start_line": 212}, "": {"executed_lines": [], "summary": {"covered_lines": 0, "num_statements": 24, "percent_covered": 0.0, "percent_covered_display": "0", "missing_lines": 24, "excluded_lines": 0, "percent_statements_covered": 0.0, "percent_statements_covered_display": "0"}, "missing_lines": [18, 20, 21, 22, 23, 24, 25, 26, 27, 29, 30, 31, 32, 39, 43, 47, 55, 71, 82, 113, 117, 212, 238, 239], "excluded_lines": [], "start_line": 1}}, "classes": {"": {"executed_lines": [], "summary": {"covered_lines": 0, "num_statements": 115, "percent_covered": 0.0, "percent_covered_display": "0", "missing_lines": 115, "excluded_lines": 0, "percent_statements_covered": 0.0, "percent_statements_covered_display": "0"}, "missing_lines": [18, 20, 21, 22, 23, 24, 25, 26, 27, 29, 30, 31, 32, 39, 40, 43, 44, 47, 48, 55, 56, 57, 58, 59, 60, 61, 62, 63, 64, 65, 66, 67, 68, 71, 72, 73, 74, 75, 82, 83, 84, 86, 87, 88, 95, 96, 97, 98, 99, 106, 113, 114, 117, 118, 120, 121, 122, 124, 125, 126, 127, 128, 129, 130, 131, 133, 134, 135, 136, 138, 139, 146, 148, 149, 150, 151, 153, 158, 159, 160, 161, 164, 165, 178, 179, 180, 182, 185, 186, 187, 188, 189, 190, 191, 192, 194, 195, 196, 197, 198, 199, 200, 201, 203, 204, 205, 212, 213, 217, 221, 225, 230, 231, 238, 239], "excluded_lines": [], "start_line": 1}}}, "src\\lumina\\systools\\verify_repo.py": {"executed_lines": [], "summary": {"covered_lines": 0, "num_statements": 224, "percent_covered": 0.0, "percent_covered_display": "0", "missing_lines": 224, "excluded_lines": 0, "percent_statements_covered": 0.0, "percent_statements_covered_display": "0"}, "missing_lines": [1, 3, 4, 5, 6, 8, 10, 22, 28, 35, 38, 39, 40, 41, 42, 43, 46, 47, 48, 49, 50, 51, 52, 55, 56, 57, 59, 60, 61, 62, 64, 71, 72, 73, 74, 75, 76, 77, 78, 80, 81, 82, 83, 84, 85, 86, 87, 88, 89, 90, 91, 93, 94, 97, 99, 100, 101, 106, 107, 108, 109, 110, 111, 113, 115, 116, 117, 118, 119, 121, 123, 124, 127, 128, 132, 133, 134, 135, 137, 138, 139, 140, 146, 147, 150, 151, 152, 155, 156, 157, 161, 162, 163, 164, 165, 166, 168, 169, 170, 172, 173, 174, 175, 178, 179, 180, 188, 189, 190, 192, 193, 195, 196, 197, 198, 199, 200, 202, 203, 204, 205, 207, 208, 209, 211, 212, 213, 214, 217, 219, 220, 221, 222, 223, 224, 225, 227, 228, 229, 231, 232, 233, 238, 239, 241, 242, 243, 244, 245, 247, 248, 249, 250, 254, 255, 256, 257, 259, 260, 261, 265, 266, 272, 274, 275, 276, 277, 278, 280, 287, 288, 291, 292, 293, 294, 295, 296, 297, 300, 301, 302, 303, 304, 305, 306, 307, 308, 309, 310, 311, 312, 315, 317, 318, 319, 320, 322, 332, 333, 334, 335, 336, 337, 339, 340, 343, 344, 346, 347, 348, 349, 350, 351, 352, 353, 355, 356, 357, 358, 359, 361, 362, 365, 366], "excluded_lines": [], "functions": {"load_yaml": {"executed_lines": [], "summary": {"covered_lines": 0, "num_statements": 5, "percent_covered": 0.0, "percent_covered_display": "0", "missing_lines": 5, "excluded_lines": 0, "percent_statements_covered": 0.0, "percent_statements_covered_display": "0"}, "missing_lines": [39, 40, 41, 42, 43], "excluded_lines": [], "start_line": 38}, "parse_latest_changelog_version": {"executed_lines": [], "summary": {"covered_lines": 0, "num_statements": 6, "percent_covered": 0.0, "percent_covered_display": "0", "missing_lines": 6, "excluded_lines": 0, "percent_statements_covered": 0.0, "percent_statements_covered_display": "0"}, "missing_lines": [47, 48, 49, 50, 51, 52], "excluded_lines": [], "start_line": 46}, "check_runtime_config_paths": {"executed_lines": [], "summary": {"covered_lines": 0, "num_statements": 33, "percent_covered": 0.0, "percent_covered_display": "0", "missing_lines": 33, "excluded_lines": 0, "percent_statements_covered": 0.0, "percent_statements_covered_display": "0"}, "missing_lines": [56, 57, 59, 60, 61, 62, 64, 71, 72, 73, 74, 75, 76, 77, 78, 80, 81, 82, 83, 84, 85, 86, 87, 88, 89, 90, 91, 93, 94, 97, 99, 100, 101], "excluded_lines": [], "start_line": 55}, "check_algebra_version_alignment": {"executed_lines": [], "summary": {"covered_lines": 0, "num_statements": 24, "percent_covered": 0.0, "percent_covered_display": "0", "missing_lines": 24, "excluded_lines": 0, "percent_statements_covered": 0.0, "percent_statements_covered_display": "0"}, "missing_lines": [107, 108, 109, 110, 111, 113, 115, 116, 117, 118, 119, 121, 123, 124, 127, 128, 132, 133, 134, 135, 137, 138, 139, 140], "excluded_lines": [], "start_line": 106}, "_extract_md_links": {"executed_lines": [], "summary": {"covered_lines": 0, "num_statements": 1, "percent_covered": 0.0, "percent_covered_display": "0", "missing_lines": 1, "excluded_lines": 0, "percent_statements_covered": 0.0, "percent_statements_covered_display": "0"}, "missing_lines": [147], "excluded_lines": [], "start_line": 146}, "_is_external_link": {"executed_lines": [], "summary": {"covered_lines": 0, "num_statements": 2, "percent_covered": 0.0, "percent_covered_display": "0", "missing_lines": 2, "excluded_lines": 0, "percent_statements_covered": 0.0, "percent_statements_covered_display": "0"}, "missing_lines": [151, 152], "excluded_lines": [], "start_line": 150}, "check_markdown_relative_links": {"executed_lines": [], "summary": {"covered_lines": 0, "num_statements": 15, "percent_covered": 0.0, "percent_covered_display": "0", "missing_lines": 15, "excluded_lines": 0, "percent_statements_covered": 0.0, "percent_statements_covered_display": "0"}, "missing_lines": [156, 157, 161, 162, 163, 164, 165, 166, 168, 169, 170, 172, 173, 174, 175], "excluded_lines": [], "start_line": 155}, "check_frontend_essentials": {"executed_lines": [], "summary": {"covered_lines": 0, "num_statements": 5, "percent_covered": 0.0, "percent_covered_display": "0", "missing_lines": 5, "excluded_lines": 0, "percent_statements_covered": 0.0, "percent_statements_covered_display": "0"}, "missing_lines": [179, 180, 188, 189, 190], "excluded_lines": [], "start_line": 178}, "check_domain_tool_adapter_linkage": {"executed_lines": [], "summary": {"covered_lines": 0, "num_statements": 32, "percent_covered": 0.0, "percent_covered_display": "0", "missing_lines": 32, "excluded_lines": 0, "percent_statements_covered": 0.0, "percent_statements_covered_display": "0"}, "missing_lines": [193, 195, 196, 197, 198, 199, 200, 202, 203, 204, 205, 207, 208, 209, 211, 212, 213, 214, 217, 219, 220, 221, 222, 223, 224, 225, 227, 228, 229, 231, 232, 233], "excluded_lines": [], "start_line": 192}, "check_provenance_contract_consistency": {"executed_lines": [], "summary": {"covered_lines": 0, "num_statements": 19, "percent_covered": 0.0, "percent_covered_display": "0", "missing_lines": 19, "excluded_lines": 0, "percent_statements_covered": 0.0, "percent_statements_covered_display": "0"}, "missing_lines": [239, 241, 242, 243, 244, 245, 247, 248, 249, 250, 254, 255, 256, 257, 259, 260, 261, 265, 266], "excluded_lines": [], "start_line": 238}, "check_auth_infrastructure": {"executed_lines": [], "summary": {"covered_lines": 0, "num_statements": 28, "percent_covered": 0.0, "percent_covered_display": "0", "missing_lines": 28, "excluded_lines": 0, "percent_statements_covered": 0.0, "percent_statements_covered_display": "0"}, "missing_lines": [274, 275, 276, 277, 278, 280, 287, 288, 291, 292, 293, 294, 295, 296, 297, 300, 301, 302, 303, 304, 305, 306, 307, 308, 309, 310, 311, 312], "excluded_lines": [], "start_line": 272}, "check_docs_structure": {"executed_lines": [], "summary": {"covered_lines": 0, "num_statements": 13, "percent_covered": 0.0, "percent_covered_display": "0", "missing_lines": 13, "excluded_lines": 0, "percent_statements_covered": 0.0, "percent_statements_covered_display": "0"}, "missing_lines": [317, 318, 319, 320, 322, 332, 333, 334, 335, 336, 337, 339, 340], "excluded_lines": [], "start_line": 315}, "main": {"executed_lines": [], "summary": {"covered_lines": 0, "num_statements": 16, "percent_covered": 0.0, "percent_covered_display": "0", "missing_lines": 16, "excluded_lines": 0, "percent_statements_covered": 0.0, "percent_statements_covered_display": "0"}, "missing_lines": [344, 346, 347, 348, 349, 350, 351, 352, 353, 355, 356, 357, 358, 359, 361, 362], "excluded_lines": [], "start_line": 343}, "": {"executed_lines": [], "summary": {"covered_lines": 0, "num_statements": 25, "percent_covered": 0.0, "percent_covered_display": "0", "missing_lines": 25, "excluded_lines": 0, "percent_statements_covered": 0.0, "percent_statements_covered_display": "0"}, "missing_lines": [1, 3, 4, 5, 6, 8, 10, 22, 28, 35, 38, 46, 55, 106, 146, 150, 155, 178, 192, 238, 272, 315, 343, 365, 366], "excluded_lines": [], "start_line": 1}}, "classes": {"": {"executed_lines": [], "summary": {"covered_lines": 0, "num_statements": 224, "percent_covered": 0.0, "percent_covered_display": "0", "missing_lines": 224, "excluded_lines": 0, "percent_statements_covered": 0.0, "percent_statements_covered_display": "0"}, "missing_lines": [1, 3, 4, 5, 6, 8, 10, 22, 28, 35, 38, 39, 40, 41, 42, 43, 46, 47, 48, 49, 50, 51, 52, 55, 56, 57, 59, 60, 61, 62, 64, 71, 72, 73, 74, 75, 76, 77, 78, 80, 81, 82, 83, 84, 85, 86, 87, 88, 89, 90, 91, 93, 94, 97, 99, 100, 101, 106, 107, 108, 109, 110, 111, 113, 115, 116, 117, 118, 119, 121, 123, 124, 127, 128, 132, 133, 134, 135, 137, 138, 139, 140, 146, 147, 150, 151, 152, 155, 156, 157, 161, 162, 163, 164, 165, 166, 168, 169, 170, 172, 173, 174, 175, 178, 179, 180, 188, 189, 190, 192, 193, 195, 196, 197, 198, 199, 200, 202, 203, 204, 205, 207, 208, 209, 211, 212, 213, 214, 217, 219, 220, 221, 222, 223, 224, 225, 227, 228, 229, 231, 232, 233, 238, 239, 241, 242, 243, 244, 245, 247, 248, 249, 250, 254, 255, 256, 257, 259, 260, 261, 265, 266, 272, 274, 275, 276, 277, 278, 280, 287, 288, 291, 292, 293, 294, 295, 296, 297, 300, 301, 302, 303, 304, 305, 306, 307, 308, 309, 310, 311, 312, 315, 317, 318, 319, 320, 322, 332, 333, 334, 335, 336, 337, 339, 340, 343, 344, 346, 347, 348, 349, 350, 351, 352, 353, 355, 356, 357, 358, 359, 361, 362, 365, 366], "excluded_lines": [], "start_line": 1}}}, "src\\lumina\\systools\\yaml_converter.py": {"executed_lines": [], "summary": {"covered_lines": 0, "num_statements": 75, "percent_covered": 0.0, "percent_covered_display": "0", "missing_lines": 75, "excluded_lines": 0, "percent_statements_covered": 0.0, "percent_statements_covered_display": "0"}, "missing_lines": [27, 29, 30, 31, 32, 33, 36, 38, 39, 40, 41, 42, 43, 44, 47, 49, 50, 51, 54, 59, 60, 61, 63, 64, 65, 68, 70, 71, 74, 85, 87, 88, 89, 91, 92, 93, 94, 97, 98, 99, 100, 101, 102, 103, 104, 105, 106, 107, 108, 110, 113, 114, 117, 118, 120, 121, 122, 123, 126, 127, 128, 130, 131, 132, 133, 136, 137, 141, 146, 152, 158, 164, 165, 173, 174], "excluded_lines": [], "functions": {"_require_import": {"executed_lines": [], "summary": {"covered_lines": 0, "num_statements": 7, "percent_covered": 0.0, "percent_covered_display": "0", "missing_lines": 7, "excluded_lines": 0, "percent_statements_covered": 0.0, "percent_statements_covered_display": "0"}, "missing_lines": [38, 39, 40, 41, 42, 43, 44], "excluded_lines": [], "start_line": 36}, "load_yaml": {"executed_lines": [], "summary": {"covered_lines": 0, "num_statements": 3, "percent_covered": 0.0, "percent_covered_display": "0", "missing_lines": 3, "excluded_lines": 0, "percent_statements_covered": 0.0, "percent_statements_covered_display": "0"}, "missing_lines": [49, 50, 51], "excluded_lines": [], "start_line": 47}, "validate_schema": {"executed_lines": [], "summary": {"covered_lines": 0, "num_statements": 6, "percent_covered": 0.0, "percent_covered_display": "0", "missing_lines": 6, "excluded_lines": 0, "percent_statements_covered": 0.0, "percent_statements_covered_display": "0"}, "missing_lines": [59, 60, 61, 63, 64, 65], "excluded_lines": [], "start_line": 54}, "compute_hash": {"executed_lines": [], "summary": {"covered_lines": 0, "num_statements": 2, "percent_covered": 0.0, "percent_covered_display": "0", "missing_lines": 2, "excluded_lines": 0, "percent_statements_covered": 0.0, "percent_statements_covered_display": "0"}, "missing_lines": [70, 71], "excluded_lines": [], "start_line": 68}, "convert": {"executed_lines": [], "summary": {"covered_lines": 0, "num_statements": 36, "percent_covered": 0.0, "percent_covered_display": "0", "missing_lines": 36, "excluded_lines": 0, "percent_statements_covered": 0.0, "percent_statements_covered_display": "0"}, "missing_lines": [85, 87, 88, 89, 91, 92, 93, 94, 97, 98, 99, 100, 101, 102, 103, 104, 105, 106, 107, 108, 110, 113, 114, 117, 118, 120, 121, 122, 123, 126, 127, 128, 130, 131, 132, 133], "excluded_lines": [], "start_line": 74}, "main": {"executed_lines": [], "summary": {"covered_lines": 0, "num_statements": 7, "percent_covered": 0.0, "percent_covered_display": "0", "missing_lines": 7, "excluded_lines": 0, "percent_statements_covered": 0.0, "percent_statements_covered_display": "0"}, "missing_lines": [137, 141, 146, 152, 158, 164, 165], "excluded_lines": [], "start_line": 136}, "": {"executed_lines": [], "summary": {"covered_lines": 0, "num_statements": 14, "percent_covered": 0.0, "percent_covered_display": "0", "missing_lines": 14, "excluded_lines": 0, "percent_statements_covered": 0.0, "percent_statements_covered_display": "0"}, "missing_lines": [27, 29, 30, 31, 32, 33, 36, 47, 54, 68, 74, 136, 173, 174], "excluded_lines": [], "start_line": 1}}, "classes": {"": {"executed_lines": [], "summary": {"covered_lines": 0, "num_statements": 75, "percent_covered": 0.0, "percent_covered_display": "0", "missing_lines": 75, "excluded_lines": 0, "percent_statements_covered": 0.0, "percent_statements_covered_display": "0"}, "missing_lines": [27, 29, 30, 31, 32, 33, 36, 38, 39, 40, 41, 42, 43, 44, 47, 49, 50, 51, 54, 59, 60, 61, 63, 64, 65, 68, 70, 71, 74, 85, 87, 88, 89, 91, 92, 93, 94, 97, 98, 99, 100, 101, 102, 103, 104, 105, 106, 107, 108, 110, 113, 114, 117, 118, 120, 121, 122, 123, 126, 127, 128, 130, 131, 132, 133, 136, 137, 141, 146, 152, 158, 164, 165, 173, 174], "excluded_lines": [], "start_line": 1}}}}, "totals": {"covered_lines": 327, "num_statements": 3904, "percent_covered": 8.376024590163935, "percent_covered_display": "8", "missing_lines": 3577, "excluded_lines": 0, "percent_statements_covered": 8.376024590163935, "percent_statements_covered_display": "8"}}